[13:37:24] [main/INFO]: Loading Minecraft 1.19.4 with Fabric Loader 0.14.21
[13:37:26] [main/WARN]: Warnings were found!
 - Mod 'Reese's Sodium Options' (reeses-sodium-options) 1.5.0+mc1.19.4-build.72 recommends version 0.4.2 or later of sodium-extra, which is missing!
	 - You should install version 0.4.2 or later of sodium-extra for the optimal experience.
[13:37:26] [main/INFO]: Loading 66 mods:
	- fabric-api 0.82.0+1.19.4
	   |-- fabric-api-base 0.4.26+1e9487d2f4
	   |-- fabric-api-lookup-api-v1 1.6.27+504944c8f4
	   |-- fabric-biome-api-v1 13.0.8+348a9c64f4
	   |-- fabric-block-api-v1 1.0.7+e022e5d1f4
	   |-- fabric-blockrenderlayer-v1 1.1.36+c2e6f674f4
	   |-- fabric-client-tags-api-v1 1.0.17+504944c8f4
	   |-- fabric-command-api-v1 1.2.29+f71b366ff4
	   |-- fabric-command-api-v2 2.2.8+504944c8f4
	   |-- fabric-commands-v0 0.2.46+df3654b3f4
	   |-- fabric-containers-v0 0.1.56+df3654b3f4
	   |-- fabric-content-registries-v0 3.5.11+ae0966baf4
	   |-- fabric-convention-tags-v1 1.5.1+fe8721bef4
	   |-- fabric-crash-report-info-v1 0.2.16+aeb40ebef4
	   |-- fabric-data-generation-api-v1 11.4.2+504944c8f4
	   |-- fabric-dimensions-v1 2.1.47+7f87f8faf4
	   |-- fabric-entity-events-v1 1.5.15+504944c8f4
	   |-- fabric-events-interaction-v0 0.5.1+76ba65ebf4
	   |-- fabric-events-lifecycle-v0 0.2.54+df3654b3f4
	   |-- fabric-game-rule-api-v1 1.0.34+a1ccd7bff4
	   |-- fabric-item-api-v1 2.1.19+504944c8f4
	   |-- fabric-item-group-api-v1 3.0.7+043f9acff4
	   |-- fabric-key-binding-api-v1 1.0.34+504944c8f4
	   |-- fabric-keybindings-v0 0.2.32+df3654b3f4
	   |-- fabric-lifecycle-events-v1 2.2.17+1e9487d2f4
	   |-- fabric-loot-api-v2 1.1.29+75e98211f4
	   |-- fabric-loot-tables-v1 1.1.33+9e7660c6f4
	   |-- fabric-message-api-v1 5.1.3+504944c8f4
	   |-- fabric-mining-level-api-v1 2.1.41+49abcf7ef4
	   |-- fabric-models-v0 0.3.32+504944c8f4
	   |-- fabric-networking-api-v1 1.3.3+504944c8f4
	   |-- fabric-networking-v0 0.3.43+df3654b3f4
	   |-- fabric-object-builder-api-v1 7.0.5+504944c8f4
	   |-- fabric-particles-v1 1.0.25+f1e4495bf4
	   |-- fabric-recipe-api-v1 1.0.10+a1ccd7bff4
	   |-- fabric-registry-sync-v0 2.2.2+504944c8f4
	   |-- fabric-renderer-api-v1 2.3.0+52cca24ef4
	   |-- fabric-renderer-indigo 1.3.0+52cca24ef4
	   |-- fabric-renderer-registries-v1 3.2.40+df3654b3f4
	   |-- fabric-rendering-data-attachment-v1 0.3.30+afca2f3ef4
	   |-- fabric-rendering-fluids-v1 3.0.23+504944c8f4
	   |-- fabric-rendering-v0 1.1.43+df3654b3f4
	   |-- fabric-rendering-v1 2.1.3+504944c8f4
	   |-- fabric-resource-conditions-api-v1 2.3.2+e6c7d4eef4
	   |-- fabric-resource-loader-v0 0.11.4+5ade3c38f4
	   |-- fabric-screen-api-v1 1.0.47+3bd4ab0ff4
	   |-- fabric-screen-handler-api-v1 1.3.22+504944c8f4
	   |-- fabric-sound-api-v1 1.0.10+504944c8f4
	   |-- fabric-transfer-api-v1 3.2.0+80d07a0af4
	   \-- fabric-transitive-access-wideners-v1 3.1.1+b4a333d6f4
	- fabricloader 0.14.21
	- iris 1.6.3
	   |-- io_github_douira_glsl-transformer 2.0.0-pre13
	   |-- org_anarres_jcpp 1.4.14
	   \-- org_antlr_antlr4-runtime 4.11.1
	- java 17
	- jei 13.1.0.15
	- lanserverproperties 1.10.1
	- minecraft 1.19.4
	- nochatreports 1.19.4-v2.1.6
	- reeses-sodium-options 1.5.0+mc1.19.4-build.72
	- sodium 0.4.10+build.24
	- starlight 1.1.1+fabric.ae22326
	- wi_zoom 1.4-MC1.19.4
	- worldedit 7.2.14+6360-094b734
	- worldeditcui 1.19.4+01
[13:37:26] [main/INFO]: SpongePowered MIXIN Subsystem Version=0.8.5 Source=file:/D:/Program%20Files/.minecraft/libraries/net/fabricmc/sponge-mixin/0.12.5+mixin.0.8.5/sponge-mixin-0.12.5+mixin.0.8.5.jar Service=Knot/Fabric Env=CLIENT
[13:37:27] [main/INFO]: Compatibility level set to JAVA_16
[13:37:27] [main/INFO]: Compatibility level set to JAVA_17
[13:37:28] [main/INFO]: Loaded configuration file for Sodium: 33 options available, 3 override(s) found
[13:37:31] [main/WARN]: Force-disabling mixin 'features.entity.fast_render.MixinCuboid' as rule 'mixin.features.entity.fast_render' (added by mods [iris]) disables it and children
[13:37:31] [main/WARN]: Force-disabling mixin 'features.entity.fast_render.MixinModelPart' as rule 'mixin.features.entity.fast_render' (added by mods [iris]) disables it and children
[13:37:31] [main/WARN]: Force-disabling mixin 'features.gui.font.MixinGlyphRenderer' as rule 'mixin.features.gui.font' (added by mods [iris]) disables it and children
[13:37:31] [main/WARN]: Force-disabling mixin 'features.sky.MixinWorldRenderer' as rule 'mixin.features.sky' (added by mods [iris]) disables it and children
[13:37:40] [main/INFO]: Mixing common.MixinFriendlyByteBuf from mixins/common/nochatreports.mixins.json into net.minecraft.class_2540
[13:37:40] [main/INFO]: Renaming synthetic method lambda$onWriteJsonWithCodec$1(Ljava/lang/Object;Ljava/lang/String;)Lio/netty/handler/codec/EncoderException; to md214924$nochatreports$lambda$onWriteJsonWithCodec$1$0 in mixins/common/nochatreports.mixins.json:common.MixinFriendlyByteBuf from mod nochatreports
[13:37:40] [main/INFO]: Renaming synthetic method lambda$onReadJsonWithCodec$0(Ljava/lang/String;)Lio/netty/handler/codec/DecoderException; to md214924$nochatreports$lambda$onReadJsonWithCodec$0$1 in mixins/common/nochatreports.mixins.json:common.MixinFriendlyByteBuf from mod nochatreports
[13:37:52] [Datafixer Bootstrap/INFO]: 180 Datafixer optimizations took 3301 milliseconds
[13:37:53] [Render thread/INFO]: Launching a new process to probe the system configuration!
[13:37:54] [Render thread/INFO]: OpenGL Vendor: Intel
[13:37:54] [Render thread/INFO]: OpenGL Renderer: Intel(R) HD Graphics 610
[13:37:54] [Render thread/INFO]: OpenGL Version: 3.3.0 - Build 21.20.16.4860
[13:37:54] [Render thread/INFO]: Mixing client.MixinMinecraft from mixins/common/nochatreports.mixins.json into net.minecraft.class_310
[13:37:54] [Render thread/INFO]: Mixing client.MixinMinecraft from mixins/fabric/nochatreports-fabric.mixins.json into net.minecraft.class_310
[13:37:54] [Render thread/INFO]: Mixing client.MixinTitleScreen from mixins/common/nochatreports.mixins.json into net.minecraft.class_442
[13:37:54] [Render thread/INFO]: Mixing client.MixinChatScreen from mixins/common/nochatreports.mixins.json into net.minecraft.class_408
[13:37:54] [Render thread/INFO]: Renaming synthetic method lambda$onInit$4()Lnet/minecraft/class_2561; to md214924$nochatreports$lambda$onInit$4$0 in mixins/common/nochatreports.mixins.json:client.MixinChatScreen from mod nochatreports
[13:37:54] [Render thread/INFO]: Renaming synthetic method lambda$onInit$3(Lnet/minecraft/class_4185;)V to md214924$nochatreports$lambda$onInit$3$1 in mixins/common/nochatreports.mixins.json:client.MixinChatScreen from mod nochatreports
[13:37:54] [Render thread/INFO]: Renaming synthetic method lambda$onInit$2()Lnet/minecraft/class_2561; to md214924$nochatreports$lambda$onInit$2$2 in mixins/common/nochatreports.mixins.json:client.MixinChatScreen from mod nochatreports
[13:37:54] [Render thread/INFO]: Renaming synthetic method lambda$onInit$1(Lnet/minecraft/class_4185;)V to md214924$nochatreports$lambda$onInit$1$3 in mixins/common/nochatreports.mixins.json:client.MixinChatScreen from mod nochatreports
[13:37:54] [Render thread/INFO]: Renaming synthetic method lambda$onBeforeMessage$0(Ljava/lang/String;Lorg/spongepowered/asm/mixin/injection/callback/CallbackInfoReturnable;Lcom/aizistral/nochatreports/common/encryption/Encryptor;)V to md214924$nochatreports$lambda$onBeforeMessage$0$4 in mixins/common/nochatreports.mixins.json:client.MixinChatScreen from mod nochatreports
[13:37:55] [Render thread/INFO]: Environment: authHost='https://authserver.mojang.com', accountsHost='https://api.mojang.com', sessionHost='https://sessionserver.mojang.com', servicesHost='https://api.minecraftservices.com', name='PROD'
[13:37:55] [Render thread/INFO]: Mixing client.MixinYggdrasilUserApiService from mixins/common/nochatreports.mixins.json into com.mojang.authlib.yggdrasil.YggdrasilUserApiService
[13:37:57] [Render thread/INFO]: Setting user: LinGCar
[13:37:57] [Render thread/INFO]: Mixing client.MixinToastComponent from mixins/common/nochatreports.mixins.json into net.minecraft.class_374
[13:37:57] [Render thread/INFO]: Mixing server.MixinServerGamePacketListenerImpl from mixins/common/nochatreports.mixins.json into net.minecraft.class_3244
[13:37:57] [Render thread/INFO]: KONNICHIWA ZA WARUDO!
[13:37:57] [Render thread/INFO]: Default JVM text encoding is: GBK
[13:37:57] [Render thread/INFO]: Reading config file NoChatReports/NCR-Common.json...
[13:37:57] [Render thread/INFO]: Reading config file NoChatReports/NCR-Client.json...
[13:37:57] [Render thread/INFO]: Reading config file NoChatReports/NCR-ServerPreferences.json...
[13:37:57] [Render thread/INFO]: Reading config file NoChatReports/NCR-Encryption.json...
[13:37:57] [Render thread/INFO]: Writing config file NoChatReports/NCR-Common.json...
[13:37:57] [Render thread/INFO]: Writing config file NoChatReports/NCR-Client.json...
[13:37:57] [Render thread/INFO]: Writing config file NoChatReports/NCR-ServerPreferences.json...
[13:37:57] [Render thread/INFO]: Writing config file NoChatReports/NCR-Encryption.json...
[13:37:58] [Render thread/INFO]: Client initialization...
[13:37:58] [Render thread/INFO]: Mixing client.MixinClientPacketListener from mixins/common/nochatreports.mixins.json into net.minecraft.class_634
[13:37:58] [Render thread/INFO]: [STDOUT]: Starting WI Zoom v1.4-MC1.19.4
[13:38:00] [Render thread/INFO]: Got request to register class com.sk89q.worldedit.fabric.FabricPlatform with WorldEdit [com.sk89q.worldedit.extension.platform.PlatformManager@562ae5d8]
[13:38:00] [Render thread/INFO]: WorldEdit for Fabric (version 7.2.14+6360-094b734) is loaded
[13:38:00] [Render thread/INFO]: [Indigo] Different rendering plugin detected; not applying Indigo.
[13:38:00] [Render thread/INFO]: Sending ConfigManager...
[13:38:01] [Render thread/INFO]: Sending ConfigManager took 17.64 ms
[13:38:01] [Render thread/INFO]: Mixing client.MixinOptions from mixins/common/nochatreports.mixins.json into net.minecraft.class_315
[13:38:01] [Render thread/INFO]: Renaming synthetic method lambda$onlyShowSecureChat$0(Ljava/lang/Boolean;)V to md214924$nochatreports$lambda$onlyShowSecureChat$0$0 in mixins/common/nochatreports.mixins.json:client.MixinOptions from mod nochatreports
[13:38:01] [Render thread/INFO]: Mixing client.MixinChatComponent from mixins/common/nochatreports.mixins.json into net.minecraft.class_338
[13:38:01] [Render thread/INFO]: Renaming synthetic method lambda$modifyGUIMessage$1()V to md214924$nochatreports$lambda$modifyGUIMessage$1$0 in mixins/common/nochatreports.mixins.json:client.MixinChatComponent from mod nochatreports
[13:38:01] [Render thread/INFO]: Renaming synthetic method lambda$modifyGUIMessage$0(Lnet/minecraft/class_5348;Lnet/minecraft/class_2561;)V to md214924$nochatreports$lambda$modifyGUIMessage$0$1 in mixins/common/nochatreports.mixins.json:client.MixinChatComponent from mod nochatreports
[13:38:01] [Render thread/INFO]: Mixing client.MixinGuiMessageTagIcon from mixins/common/nochatreports.mixins.json into net.minecraft.class_7591$class_7592
[13:38:01] [Render thread/INFO]: Renaming @Invoker method create(Ljava/lang/String;IIIII)Lnet/minecraft/class_7591$class_7592; to create$nochatreports_$md$214924$0 in mixins/common/nochatreports.mixins.json:client.MixinGuiMessageTagIcon from mod nochatreports
[13:38:01] [Render thread/INFO]: Backend library: LWJGL version 3.3.1 SNAPSHOT
[13:38:02] [Render thread/INFO]: Debug functionality is disabled.
[13:38:02] [Render thread/INFO]: DSA support not detected.
[13:38:02] [Render thread/INFO]: Shaders are disabled because enableShaders is set to false in iris.properties
[13:38:02] [Render thread/INFO]: Shaders are disabled
[13:38:03] [Render thread/WARN]: Static binding violation: PRIVATE @Overwrite method method_23182 in sodium.mixins.json:features.item.MixinItemRenderer from mod sodium cannot reduce visibiliy of PUBLIC target method, visibility will be upgraded.
[13:38:03] [Render thread/INFO]: Hardware information:
[13:38:03] [Render thread/INFO]: CPU: 2x Intel(R) Celeron(R) CPU G3930 @ 2.90GHz
[13:38:03] [Render thread/INFO]: GPU: Intel(R) HD Graphics 610 (Supports OpenGL 3.2.0 - Build 21.20.16.4860)
[13:38:03] [Render thread/INFO]: OS: Windows 7 (6.1)
[13:38:04] [Render thread/ERROR]: Error while loading the narrator
com.mojang.text2speech.Narrator$InitializeException: SP_VOICE returned code -2147221164
	at com.mojang.text2speech.NarratorWindows.initSAPI(NarratorWindows.java:36) ~[text2speech-1.16.7.jar:?]
	at com.mojang.text2speech.NarratorWindows.<init>(NarratorWindows.java:43) ~[text2speech-1.16.7.jar:?]
	at com.mojang.text2speech.Narrator.getNarrator(Narrator.java:42) ~[text2speech-1.16.7.jar:?]
	at net.minecraft.class_333.<init>(class_333.java:17) ~[client-intermediary.jar:?]
	at net.minecraft.class_310.<init>(class_310.java:647) ~[client-intermediary.jar:?]
	at net.minecraft.client.main.Main.main(Main.java:198) ~[1.19.4-Fabric%200.14.21.jar:?]
	at net.fabricmc.loader.impl.game.minecraft.MinecraftGameProvider.launch(MinecraftGameProvider.java:468) ~[fabric-loader-0.14.21.jar:?]
	at net.fabricmc.loader.impl.launch.knot.Knot.launch(Knot.java:74) ~[fabric-loader-0.14.21.jar:?]
	at net.fabricmc.loader.impl.launch.knot.KnotClient.main(KnotClient.java:23) ~[fabric-loader-0.14.21.jar:?]
	at jdk.internal.reflect.NativeMethodAccessorImpl.invoke0(Native Method) ~[?:?]
	at jdk.internal.reflect.NativeMethodAccessorImpl.invoke(NativeMethodAccessorImpl.java:77) ~[?:?]
	at jdk.internal.reflect.DelegatingMethodAccessorImpl.invoke(DelegatingMethodAccessorImpl.java:43) ~[?:?]
	at java.lang.reflect.Method.invoke(Method.java:568) ~[?:?]
	at oolloo.jlw.Wrapper.invokeMain(Wrapper.java:60) ~[?:?]
	at oolloo.jlw.Wrapper.main(Wrapper.java:53) ~[?:?]
[13:38:05] [Render thread/INFO]: Mixing client.MixinChatListener from mixins/common/nochatreports.mixins.json into net.minecraft.class_7594
[13:38:05] [Render thread/INFO]: Reloading ResourceManager: vanilla, fabric (fabric-api, fabric-api-base, fabric-api-lookup-api-v1, fabric-biome-api-v1, fabric-block-api-v1, fabric-blockrenderlayer-v1, fabric-client-tags-api-v1, fabric-command-api-v1, fabric-command-api-v2, fabric-commands-v0, fabric-containers-v0, fabric-content-registries-v0, fabric-convention-tags-v1, fabric-crash-report-info-v1, fabric-data-generation-api-v1, fabric-dimensions-v1, fabric-entity-events-v1, fabric-events-interaction-v0, fabric-events-lifecycle-v0, fabric-game-rule-api-v1, fabric-item-api-v1, fabric-item-group-api-v1, fabric-key-binding-api-v1, fabric-keybindings-v0, fabric-lifecycle-events-v1, fabric-loot-api-v2, fabric-loot-tables-v1, fabric-message-api-v1, fabric-mining-level-api-v1, fabric-models-v0, fabric-networking-api-v1, fabric-networking-v0, fabric-object-builder-api-v1, fabric-particles-v1, fabric-recipe-api-v1, fabric-registry-sync-v0, fabric-renderer-api-v1, fabric-renderer-indigo, fabric-renderer-registries-v1, fabric-rendering-data-attachment-v1, fabric-rendering-fluids-v1, fabric-rendering-v0, fabric-rendering-v1, fabric-resource-conditions-api-v1, fabric-resource-loader-v0, fabric-screen-api-v1, fabric-screen-handler-api-v1, fabric-sound-api-v1, fabric-transfer-api-v1, fabric-transitive-access-wideners-v1, fabricloader, iris, jei, lanserverproperties, nochatreports, reeses-sodium-options, sodium, starlight, wi_zoom, worldedit, worldeditcui), file/Denim16x.zip
[13:38:05] [Render thread/INFO]: Mixing client.MixinJoinMultiplayerScreen from mixins/common/nochatreports.mixins.json into net.minecraft.class_500
[13:38:05] [Render thread/INFO]: Renaming synthetic method lambda$onInit$2()Lnet/minecraft/class_2561; to md214924$nochatreports$lambda$onInit$2$0 in mixins/common/nochatreports.mixins.json:client.MixinJoinMultiplayerScreen from mod nochatreports
[13:38:05] [Render thread/INFO]: Renaming synthetic method lambda$onInit$1(Lnet/minecraft/class_4185;)V to md214924$nochatreports$lambda$onInit$1$1 in mixins/common/nochatreports.mixins.json:client.MixinJoinMultiplayerScreen from mod nochatreports
[13:38:05] [Render thread/INFO]: Renaming synthetic method lambda$onInit$0(Lnet/minecraft/class_4185;)V to md214924$nochatreports$lambda$onInit$0$2 in mixins/common/nochatreports.mixins.json:client.MixinJoinMultiplayerScreen from mod nochatreports
[13:38:05] [Render thread/INFO]: Creating pipeline for dimension OVERWORLD
[13:38:09] [Render thread/INFO]: Game entered main loop!
[13:38:10] [Render thread/WARN]: Missing sound for event: minecraft:item.brush.brushing
[13:38:10] [Render thread/WARN]: Missing sound for event: minecraft:item.brush.brush_sand_completed
[13:38:10] [Render thread/WARN]: Missing sound for event: minecraft:item.goat_horn.play
[13:38:10] [Render thread/WARN]: Missing sound for event: minecraft:entity.goat.screaming.horn_break
[13:38:10] [Render thread/WARN]: Missing sound for event: minecraft:music.overworld.cherry_grove
[13:38:10] [Render thread/INFO]: OpenAL initialized on device OpenAL Soft on 扬声器 (Realtek High Definition Audio)
[13:38:10] [Render thread/INFO]: Sound engine started
[13:38:10] [Render thread/INFO]: Created: 1024x512x4 minecraft:textures/atlas/blocks.png-atlas
[13:38:10] [Render thread/INFO]: Created: 256x256x4 minecraft:textures/atlas/signs.png-atlas
[13:38:10] [Render thread/INFO]: Created: 512x512x4 minecraft:textures/atlas/shield_patterns.png-atlas
[13:38:10] [Render thread/INFO]: Created: 512x512x4 minecraft:textures/atlas/banner_patterns.png-atlas
[13:38:10] [Render thread/INFO]: Created: 1024x1024x4 minecraft:textures/atlas/armor_trims.png-atlas
[13:38:10] [Render thread/INFO]: Created: 64x64x4 minecraft:textures/atlas/decorated_pot.png-atlas
[13:38:10] [Render thread/INFO]: Created: 512x256x4 minecraft:textures/atlas/chest.png-atlas
[13:38:10] [Render thread/INFO]: Created: 512x256x4 minecraft:textures/atlas/shulker_boxes.png-atlas
[13:38:10] [Render thread/INFO]: Created: 512x256x4 minecraft:textures/atlas/beds.png-atlas
[13:38:12] [Render thread/WARN]: Shader rendertype_entity_translucent_emissive could not find sampler named Sampler2 in the specified shader program.
[13:38:13] [Render thread/INFO]: Created: 512x256x0 minecraft:textures/atlas/particles.png-atlas
[13:38:13] [Render thread/INFO]: Created: 2048x1024x0 minecraft:textures/atlas/paintings.png-atlas
[13:38:13] [Render thread/INFO]: Created: 128x128x0 minecraft:textures/atlas/mob_effects.png-atlas
[13:38:13] [Render thread/INFO]: Created: 256x128x0 jei:textures/atlas/gui.png-atlas
[13:38:44] [Thread-3/WARN]: [Iris Update Check] Failed to get update info!
java.net.ConnectException: Connection timed out: connect
	at sun.nio.ch.Net.connect0(Native Method) ~[?:?]
	at sun.nio.ch.Net.connect(Net.java:579) ~[?:?]
	at sun.nio.ch.Net.connect(Net.java:568) ~[?:?]
	at sun.nio.ch.NioSocketImpl.connect(NioSocketImpl.java:588) ~[?:?]
	at java.net.SocksSocketImpl.connect(SocksSocketImpl.java:327) ~[?:?]
	at java.net.Socket.connect(Socket.java:633) ~[?:?]
	at sun.security.ssl.SSLSocketImpl.connect(SSLSocketImpl.java:304) ~[?:?]
	at sun.security.ssl.BaseSSLSocketImpl.connect(BaseSSLSocketImpl.java:174) ~[?:?]
	at sun.net.NetworkClient.doConnect(NetworkClient.java:183) ~[?:?]
	at sun.net.www.http.HttpClient.openServer(HttpClient.java:532) ~[?:?]
	at sun.net.www.http.HttpClient.openServer(HttpClient.java:637) ~[?:?]
	at sun.net.www.http.HttpClient.parseHTTP(HttpClient.java:780) ~[?:?]
	at sun.net.www.protocol.http.HttpURLConnection.getInputStream0(HttpURLConnection.java:1688) ~[?:?]
	at sun.net.www.protocol.http.HttpURLConnection.getInputStream(HttpURLConnection.java:1589) ~[?:?]
	at sun.net.www.protocol.https.HttpsURLConnectionImpl.getInputStream(HttpsURLConnectionImpl.java:224) ~[?:?]
	at java.net.URL.openStream(URL.java:1161) ~[?:?]
	at net.coderbot.iris.UpdateChecker.lambda$checkForUpdates$0(UpdateChecker.java:84) ~[iris-mc1.19.4-1.6.3.jar:?]
	at java.util.concurrent.CompletableFuture$AsyncSupply.run(CompletableFuture.java:1768) ~[?:?]
	at java.lang.Thread.run(Thread.java:833) ~[?:?]
[13:39:51] [Render thread/INFO]: Registering commands with com.sk89q.worldedit.fabric.FabricPlatform
[13:39:51] [Render thread/INFO]: Loaded 7 recipes
[13:39:52] [Render thread/INFO]: Loaded 1182 advancements
[13:39:53] [Render thread/INFO]: Stopping JEI
[13:39:53] [Render thread/INFO]: Stopping JEI
[13:39:53] [Render thread/INFO]: Sending Runtime Unavailable...
[13:39:53] [Render thread/INFO]: Stopping JEI GUI
[13:39:53] [Render thread/INFO]: Sending Runtime Unavailable took 620.2 μs
[13:39:53] [Render thread/INFO]: Mixing server.MixinPlayerList from mixins/common/nochatreports.mixins.json into net.minecraft.class_3324
[13:39:53] [Render thread/INFO]: Applied 0 biome modifications to 0 of 63 new biomes in 4.381 ms
[13:39:53] [Server thread/INFO]: Starting integrated minecraft server version 1.19.4
[13:39:53] [Server thread/INFO]: Generating keypair
[13:39:54] [Server thread/INFO]: Preparing start region for dimension minecraft:overworld
[13:39:57] [Render thread/INFO]: 准备生成区域中：0%
[13:39:57] [Render thread/INFO]: 准备生成区域中：0%
[13:39:57] [Render thread/INFO]: 准备生成区域中：0%
[13:39:57] [Render thread/INFO]: 准备生成区域中：0%
[13:39:57] [Render thread/INFO]: 准备生成区域中：0%
[13:39:57] [Render thread/INFO]: 准备生成区域中：0%
[13:39:59] [Render thread/INFO]: 准备生成区域中：0%
[13:39:59] [Render thread/INFO]: 准备生成区域中：0%
[13:39:59] [Render thread/INFO]: 准备生成区域中：0%
[13:39:59] [Render thread/INFO]: 准备生成区域中：0%
[13:39:59] [Render thread/INFO]: 准备生成区域中：0%
[13:40:00] [Render thread/INFO]: 准备生成区域中：0%
[13:40:01] [Render thread/INFO]: 准备生成区域中：4%
[13:40:01] [Render thread/INFO]: 准备生成区域中：6%
[13:40:01] [Render thread/INFO]: 准备生成区域中：70%
[13:40:02] [Render thread/INFO]: Time elapsed: 7521 ms
[13:40:02] [Server thread/INFO]: Mixing common.MixinServerStatus from mixins/common/nochatreports.mixins.json into net.minecraft.class_2926
[13:40:04] [Server thread/WARN]: Can't keep up! Is the server overloaded? Running 2432ms or 48 ticks behind
[13:40:05] [Server thread/INFO]: Changing view distance to 12, from 10
[13:40:05] [Server thread/INFO]: Changing simulation distance to 12, from 0
[13:40:06] [Netty Local Client IO #0/INFO]: Mixing server.MixinServerboundChatCommandPacket from mixins/common/nochatreports.mixins.json into net.minecraft.class_7472
[13:40:06] [Netty Local Client IO #0/INFO]: Mixing server.MixinServerboundChatPacket from mixins/common/nochatreports.mixins.json into net.minecraft.class_2797
[13:40:06] [Netty Local Client IO #0/INFO]: Mixing server.MixinServerboundChatSessionUpdatePacket from mixins/common/nochatreports.mixins.json into net.minecraft.class_7861
[13:40:07] [Server thread/INFO]: LinGCar[local:E:6a920414] logged in with entity id 1 at (6.088531402952845, 13.74313548392375, 247.22307117998994)
[13:40:08] [Server thread/INFO]: LinGCar加入了游戏
[13:40:08] [Render thread/INFO]: Started 1 worker threads
[13:40:08] [Render thread/INFO]: Starting JEI...
[13:40:08] [Render thread/INFO]: Registering item subtypes...
[13:40:08] [Render thread/INFO]: Registering item subtypes took 48.63 ms
[13:40:08] [Render thread/INFO]: Registering fluid subtypes...
[13:40:08] [Render thread/INFO]: Registering fluid subtypes took 3.335 ms
[13:40:08] [Render thread/INFO]: Registering ingredients...
[13:40:09] [Render thread/INFO]: Registering ingredients: jei:minecraft took 141.2 milliseconds
[13:40:09] [Render thread/INFO]: Registering ingredients took 141.8 ms
[13:40:09] [Render thread/INFO]: Registering categories...
[13:40:09] [Render thread/INFO]: Registering categories: jei:minecraft took 51.63 milliseconds
[13:40:09] [Render thread/INFO]: Registering categories took 56.73 ms
[13:40:09] [Render thread/INFO]: Registering vanilla category extensions...
[13:40:09] [Render thread/INFO]: Registering vanilla category extensions took 10.62 ms
[13:40:09] [Render thread/INFO]: Registering recipe catalysts...
[13:40:09] [Render thread/INFO]: Registering recipe catalysts took 2.154 ms
[13:40:09] [Render thread/INFO]: Registering advanced plugins...
[13:40:09] [Render thread/INFO]: Registering advanced plugins took 329.0 μs
[13:40:09] [Render thread/INFO]: Building recipe registry...
[13:40:09] [Render thread/INFO]: Building recipe registry took 19.18 ms
[13:40:09] [Render thread/INFO]: Registering recipes...
[13:40:09] [Render thread/INFO]: Registering recipes: jei:minecraft took 414.6 milliseconds
[13:40:09] [Render thread/INFO]: Registering recipes took 415.6 ms
[13:40:09] [Render thread/INFO]: Registering recipes transfer handlers...
[13:40:09] [Render thread/INFO]: Registering recipes transfer handlers took 5.046 ms
[13:40:09] [Render thread/INFO]: Building runtime...
[13:40:09] [Render thread/INFO]: Registering gui handlers...
[13:40:09] [Render thread/INFO]: Registering gui handlers: jei:minecraft took 18.98 milliseconds
[13:40:09] [Render thread/INFO]: Registering gui handlers: jei:gui took 27.25 milliseconds
[13:40:09] [Render thread/INFO]: Registering gui handlers took 104.7 ms
[13:40:09] [Render thread/INFO]: Registering Runtime...
[13:40:09] [Render thread/INFO]: Starting JEI GUI
[13:40:09] [Render thread/INFO]: Building ingredient list...
[13:40:09] [Render thread/INFO]: Building ingredient list took 6.898 ms
[13:40:09] [Render thread/INFO]: Building ingredient filter...
[13:40:09] [Render thread/INFO]: Adding 1351 ingredients
[13:40:10] [Render thread/INFO]: Added 1351 ingredients
[13:40:10] [Render thread/INFO]: Building ingredient filter took 464.2 ms
[13:40:10] [Render thread/INFO]: Registering Runtime: jei:fabric_gui took 699.0 milliseconds
[13:40:10] [Render thread/INFO]: Registering Runtime took 699.6 ms
[13:40:10] [Render thread/INFO]: Building runtime took 886.8 ms
[13:40:10] [Render thread/INFO]: Sending Runtime...
[13:40:10] [Render thread/INFO]: Sending Runtime took 374.1 μs
[13:40:10] [Render thread/INFO]: Starting JEI took 1.711 s
[13:40:10] [Render thread/INFO]: Loaded 171 advancements
[13:40:20] [Render thread/INFO]: Mixing client.MixinRowHelper from mixins/common/nochatreports.mixins.json into net.minecraft.class_7845$class_7939
[13:40:20] [Render thread/INFO]: Mixing client.MixinChatOptionsScreen from mixins/common/nochatreports.mixins.json into net.minecraft.class_404
[13:40:20] [Render thread/INFO]: Renaming synthetic method lambda$init$0(Lnet/minecraft/class_339;)V to md214924$nochatreports$lambda$init$0$0 in mixins/common/nochatreports.mixins.json:client.MixinChatOptionsScreen from mod nochatreports
[13:40:20] [Server thread/INFO]: Saving and pausing game...
[13:40:21] [Server thread/INFO]: Saving chunks for level 'ServerLevel[TheBlockContest]'/minecraft:overworld
[13:40:21] [Server thread/INFO]: Saving chunks for level 'ServerLevel[TheBlockContest]'/minecraft:the_end
[13:40:21] [Server thread/INFO]: Saving chunks for level 'ServerLevel[TheBlockContest]'/minecraft:the_nether
[13:40:27] [Render thread/INFO]: Using default channel type
[13:40:27] [Render thread/INFO]: Started serving on 25565
[13:40:27] [Render thread/INFO]: Mixing client.MixinGuiMessageTag from mixins/common/nochatreports.mixins.json into net.minecraft.class_7591
[13:40:27] [Render thread/INFO]: [CHAT] 本地游戏已在端口[25565]上开启
[13:41:26] [Server thread/INFO]: com.mojang.authlib.GameProfile@7370645d[id=<null>,name=MBSS_DarkLiam,properties={},legacy=false] (/127.0.0.1:51987) lost connection: 连接中断
[13:41:31] [User Authenticator #1/WARN]: Failed to verify username but will let them in anyway!
[13:41:31] [Server thread/INFO]: MBSS_DarkLiam[/127.0.0.1:52014] logged in with entity id 3 at (-3.720057001746584, 9.060968692887606, 262.8382143106619)
[13:41:31] [Server thread/INFO]: MBSS_DarkLiam加入了游戏
[13:41:32] [Render thread/INFO]: [CHAT] MBSS_DarkLiam加入了游戏
[13:41:35] [Server thread/INFO]: <LinGCar> 12345
[13:41:35] [Render thread/INFO]: [CHAT] <LinGCar> 12345
[13:42:04] [Server thread/INFO]: [LinGCar: 已将LinGCar传送至MBSS_DarkLiam]
[13:42:04] [Render thread/INFO]: [CHAT] 已将LinGCar传送至MBSS_DarkLiam
[13:42:05] [Server thread/INFO]: [LinGCar: 已将自己的游戏模式设置为生存模式]
[13:42:05] [Render thread/INFO]: [CHAT] 已将自己的游戏模式设置为生存模式
[13:42:06] [Server thread/INFO]: [LinGCar: 已将自己的游戏模式设置为创造模式]
[13:42:06] [Render thread/INFO]: [CHAT] 已将自己的游戏模式设置为创造模式
[13:42:07] [Server thread/INFO]: [LinGCar: 已将自己的游戏模式设置为旁观模式]
[13:42:07] [Render thread/INFO]: [CHAT] 已将自己的游戏模式设置为旁观模式
[13:42:12] [Server thread/INFO]: [MBSS_DarkLiam: 已将自己的游戏模式设置为旁观模式]
[13:42:12] [Render thread/INFO]: [CHAT] [MBSS_DarkLiam: 已将自己的游戏模式设置为旁观模式]
[13:42:31] [Server thread/INFO]: [LinGCar: 已将LinGCar传送至MBSS_DarkLiam]
[13:42:31] [Render thread/INFO]: [CHAT] 已将LinGCar传送至MBSS_DarkLiam
[13:42:47] [Server thread/INFO]: [MBSS_DarkLiam: 已将自己的游戏模式设置为创造模式]
[13:42:47] [Render thread/INFO]: [CHAT] [MBSS_DarkLiam: 已将自己的游戏模式设置为创造模式]
[13:42:58] [Server thread/INFO]: <LinGCar> emma
[13:42:58] [Render thread/INFO]: [CHAT] <LinGCar> emma
[13:43:05] [Server thread/INFO]: <LinGCar> 我的评价是先把那house整完(
[13:43:05] [Render thread/INFO]: [CHAT] <LinGCar> 我的评价是先把那house整完(
[13:45:26] [Server thread/INFO]: [LinGCar: 已将自己的游戏模式设置为创造模式]
[13:45:26] [Render thread/INFO]: [CHAT] 已将自己的游戏模式设置为创造模式
[13:45:27] [Server thread/INFO]: [LinGCar: 已将自己的游戏模式设置为旁观模式]
[13:45:27] [Render thread/INFO]: [CHAT] 已将自己的游戏模式设置为旁观模式
[13:47:39] [Server thread/INFO]: [LinGCar: 已将自己的游戏模式设置为创造模式]
[13:47:39] [Render thread/INFO]: [CHAT] 已将自己的游戏模式设置为创造模式
[13:48:23] [Server thread/INFO]: [MBSS_DarkLiam: 已将自己的游戏模式设置为旁观模式]
[13:48:23] [Render thread/INFO]: [CHAT] [MBSS_DarkLiam: 已将自己的游戏模式设置为旁观模式]
[13:48:26] [Server thread/INFO]: [LinGCar: 已将自己的游戏模式设置为旁观模式]
[13:48:26] [Render thread/INFO]: [CHAT] 已将自己的游戏模式设置为旁观模式
[13:48:57] [Server thread/INFO]: [MBSS_DarkLiam: 已将自己的游戏模式设置为创造模式]
[13:48:57] [Render thread/INFO]: [CHAT] [MBSS_DarkLiam: 已将自己的游戏模式设置为创造模式]
[13:49:03] [Server thread/INFO]: <MBSS_DarkLiam> GOLD
[13:49:03] [Render thread/INFO]: [CHAT] <MBSS_DarkLiam> GOLD
[13:49:08] [Server thread/INFO]: MBSS_DarkLiam取得了进度[冰桶挑战]
[13:49:08] [Render thread/INFO]: [CHAT] MBSS_DarkLiam取得了进度[冰桶挑战]
[13:49:20] [Server thread/INFO]: [LinGCar: 已将自己的游戏模式设置为创造模式]
[13:49:20] [Render thread/INFO]: [CHAT] 已将自己的游戏模式设置为创造模式
[13:49:26] [Server thread/INFO]: [LinGCar: 已将1个[熔岩桶]给予LinGCar]
[13:49:26] [Render thread/INFO]: [CHAT] 已将1个[熔岩桶]给予LinGCar
[13:50:37] [Render thread/INFO]: Loaded 173 advancements
[13:50:39] [Render thread/INFO]: Loaded 175 advancements
[13:50:39] [Render thread/INFO]: Loaded 177 advancements
[13:50:41] [Render thread/INFO]: Loaded 179 advancements
[13:50:42] [Render thread/INFO]: Loaded 181 advancements
[13:50:46] [Render thread/INFO]: Loaded 183 advancements
[13:50:47] [Render thread/INFO]: Loaded 185 advancements
[13:51:12] [Render thread/INFO]: [CHAT] [调试]： 区块边界：显示
[13:51:32] [Render thread/INFO]: Loaded 195 advancements
[13:52:08] [Render thread/INFO]: Loaded 196 advancements
[13:52:44] [Render thread/INFO]: Loaded 198 advancements
[13:54:47] [Server thread/INFO]: [LinGCar: 已将LinGCar传送至MBSS_DarkLiam]
[13:54:47] [Render thread/INFO]: [CHAT] 已将LinGCar传送至MBSS_DarkLiam
[13:55:09] [Server thread/INFO]: [LinGCar: 已修改23, -5, 272处的方块数据]
[13:55:09] [Render thread/INFO]: [CHAT] 已修改23, -5, 272处的方块数据
[13:56:39] [Server thread/INFO]: [LinGCar: 已将自己的游戏模式设置为旁观模式]
[13:56:39] [Render thread/INFO]: [CHAT] 已将自己的游戏模式设置为旁观模式
[13:58:05] [Server thread/INFO]: [MBSS_DarkLiam: 已将自己的游戏模式设置为旁观模式]
[13:58:05] [Render thread/INFO]: [CHAT] [MBSS_DarkLiam: 已将自己的游戏模式设置为旁观模式]
[13:58:09] [Server thread/INFO]: [LinGCar: 已将LinGCar传送至MBSS_DarkLiam]
[13:58:09] [Render thread/INFO]: [CHAT] 已将LinGCar传送至MBSS_DarkLiam
[13:58:19] [Server thread/INFO]: [LinGCar: 已将LinGCar传送至MBSS_DarkLiam]
[13:58:19] [Render thread/INFO]: [CHAT] 已将LinGCar传送至MBSS_DarkLiam
[13:58:25] [Server thread/INFO]: [MBSS_DarkLiam: 已将自己的游戏模式设置为创造模式]
[13:58:25] [Render thread/INFO]: [CHAT] [MBSS_DarkLiam: 已将自己的游戏模式设置为创造模式]
[13:58:35] [Server thread/INFO]: [MBSS_DarkLiam: 已将自己的游戏模式设置为旁观模式]
[13:58:35] [Render thread/INFO]: [CHAT] [MBSS_DarkLiam: 已将自己的游戏模式设置为旁观模式]
[13:58:47] [Server thread/INFO]: [MBSS_DarkLiam: 已将自己的游戏模式设置为创造模式]
[13:58:47] [Render thread/INFO]: [CHAT] [MBSS_DarkLiam: 已将自己的游戏模式设置为创造模式]
[13:58:52] [Server thread/INFO]: [MBSS_DarkLiam: 已将自己的游戏模式设置为旁观模式]
[13:58:52] [Render thread/INFO]: [CHAT] [MBSS_DarkLiam: 已将自己的游戏模式设置为旁观模式]
[13:58:54] [Server thread/INFO]: [MBSS_DarkLiam: 已将自己的游戏模式设置为创造模式]
[13:58:54] [Render thread/INFO]: [CHAT] [MBSS_DarkLiam: 已将自己的游戏模式设置为创造模式]
[13:59:07] [Server thread/INFO]: [MBSS_DarkLiam: 已将自己的游戏模式设置为旁观模式]
[13:59:07] [Render thread/INFO]: [CHAT] [MBSS_DarkLiam: 已将自己的游戏模式设置为旁观模式]
[13:59:13] [Server thread/INFO]: [MBSS_DarkLiam: 已将自己的游戏模式设置为创造模式]
[13:59:13] [Render thread/INFO]: [CHAT] [MBSS_DarkLiam: 已将自己的游戏模式设置为创造模式]
[13:59:22] [Server thread/INFO]: [MBSS_DarkLiam: 已将自己的游戏模式设置为旁观模式]
[13:59:22] [Render thread/INFO]: [CHAT] [MBSS_DarkLiam: 已将自己的游戏模式设置为旁观模式]
[13:59:53] [Server thread/INFO]: [MBSS_DarkLiam: 已将自己的游戏模式设置为创造模式]
[13:59:53] [Render thread/INFO]: [CHAT] [MBSS_DarkLiam: 已将自己的游戏模式设置为创造模式]
[14:01:50] [Server thread/INFO]: [LinGCar: 已将自己的游戏模式设置为创造模式]
[14:01:50] [Render thread/INFO]: [CHAT] 已将自己的游戏模式设置为创造模式
[14:02:02] [Server thread/INFO]: <LinGCar> 可以的游戏设计
[14:02:02] [Render thread/INFO]: [CHAT] <LinGCar> 可以的游戏设计
[14:02:07] [Server thread/INFO]: <LinGCar> 的游戏设计
[14:02:07] [Render thread/INFO]: [CHAT] <LinGCar> 的游戏设计
[14:02:07] [Server thread/INFO]: <MBSS_DarkLiam> 不是
[14:02:07] [Render thread/INFO]: [CHAT] <MBSS_DarkLiam> 不是
[14:02:11] [Server thread/INFO]: <LinGCar> 刻意的游戏设计
[14:02:11] [Render thread/INFO]: [CHAT] <LinGCar> 刻意的游戏设计
[14:02:19] [Server thread/INFO]: <MBSS_DarkLiam> 怎么进去你告诉我（
[14:02:19] [Render thread/INFO]: [CHAT] <MBSS_DarkLiam> 怎么进去你告诉我（
[14:02:24] [Server thread/INFO]: <LinGCar> like this
[14:02:24] [Render thread/INFO]: [CHAT] <LinGCar> like this
[14:03:10] [Server thread/INFO]: <MBSS_DarkLiam> 但是你怎么上到哪个平台上
[14:03:10] [Render thread/INFO]: [CHAT] <MBSS_DarkLiam> 但是你怎么上到哪个平台上
[14:03:31] [Server thread/INFO]: <LinGCar> 看好
[14:03:31] [Render thread/INFO]: [CHAT] <LinGCar> 看好
[14:03:44] [Server thread/INFO]: <MBSS_DarkLiam> 艾草
[14:03:44] [Render thread/INFO]: [CHAT] <MBSS_DarkLiam> 艾草
[14:03:50] [Server thread/INFO]: <LinGCar> 走反了
[14:03:50] [Render thread/INFO]: [CHAT] <LinGCar> 走反了
[14:03:52] [Server thread/INFO]: <MBSS_DarkLiam> 忘了这水了
[14:03:52] [Render thread/INFO]: [CHAT] <MBSS_DarkLiam> 忘了这水了
[14:04:21] [Server thread/INFO]: [LinGCar: 已将自己的游戏模式设置为旁观模式]
[14:04:21] [Render thread/INFO]: [CHAT] 已将自己的游戏模式设置为旁观模式
[14:07:31] [Server thread/INFO]: [MBSS_DarkLiam: 已将MBSS_DarkLiam传送至LinGCar]
[14:07:31] [Render thread/INFO]: [CHAT] [MBSS_DarkLiam: 已将MBSS_DarkLiam传送至LinGCar]
[14:07:36] [Server thread/INFO]: [MBSS_DarkLiam: 已将自己的游戏模式设置为旁观模式]
[14:07:36] [Render thread/INFO]: [CHAT] [MBSS_DarkLiam: 已将自己的游戏模式设置为旁观模式]
[14:08:29] [Server thread/INFO]: [MBSS_DarkLiam: 已将自己的游戏模式设置为创造模式]
[14:08:29] [Render thread/INFO]: [CHAT] [MBSS_DarkLiam: 已将自己的游戏模式设置为创造模式]
[14:10:16] [Server thread/INFO]: <MBSS_DarkLiam> 你这没开方块更新？
[14:10:16] [Render thread/INFO]: [CHAT] <MBSS_DarkLiam> 你这没开方块更新？
[14:10:19] [Server thread/INFO]: [MBSS_DarkLiam: 已将自己的游戏模式设置为旁观模式]
[14:10:19] [Render thread/INFO]: [CHAT] [MBSS_DarkLiam: 已将自己的游戏模式设置为旁观模式]
[14:11:04] [Server thread/INFO]: <LinGCar> 啥
[14:11:04] [Render thread/INFO]: [CHAT] <LinGCar> 啥
[14:11:08] [Server thread/INFO]: [LinGCar: 已将LinGCar传送至MBSS_DarkLiam]
[14:11:08] [Render thread/INFO]: [CHAT] 已将LinGCar传送至MBSS_DarkLiam
[14:11:14] [Server thread/INFO]: [LinGCar: 已将自己的游戏模式设置为创造模式]
[14:11:14] [Render thread/INFO]: [CHAT] 已将自己的游戏模式设置为创造模式
[14:11:27] [Server thread/INFO]: [LinGCar: 已将自己的游戏模式设置为旁观模式]
[14:11:27] [Render thread/INFO]: [CHAT] 已将自己的游戏模式设置为旁观模式
[14:11:31] [Server thread/INFO]: [MBSS_DarkLiam: 已将自己的游戏模式设置为创造模式]
[14:11:31] [Render thread/INFO]: [CHAT] [MBSS_DarkLiam: 已将自己的游戏模式设置为创造模式]
[14:11:33] [Server thread/INFO]: <LinGCar> 随机刻调0
[14:11:33] [Render thread/INFO]: [CHAT] <LinGCar> 随机刻调0
[14:11:42] [Server thread/INFO]: [LinGCar: 已将自己的游戏模式设置为创造模式]
[14:11:42] [Render thread/INFO]: [CHAT] 已将自己的游戏模式设置为创造模式
[14:11:43] [Server thread/INFO]: <MBSS_DarkLiam> 那你菜地呢
[14:11:43] [Render thread/INFO]: [CHAT] <MBSS_DarkLiam> 那你菜地呢
[14:11:52] [Server thread/INFO]: <MBSS_DarkLiam> 这合理吗
[14:11:52] [Render thread/INFO]: [CHAT] <MBSS_DarkLiam> 这合理吗
[14:11:56] [Server thread/INFO]: <LinGCar> 河里
[14:11:56] [Render thread/INFO]: [CHAT] <LinGCar> 河里
[14:12:00] [Server thread/INFO]: <LinGCar> 啊有一点不河里
[14:12:00] [Render thread/INFO]: [CHAT] <LinGCar> 啊有一点不河里
[14:12:06] [Server thread/INFO]: <MBSS_DarkLiam> 这不河里
[14:12:06] [Render thread/INFO]: [CHAT] <MBSS_DarkLiam> 这不河里
[14:12:08] [Server thread/INFO]: <LinGCar> 河里
[14:12:08] [Render thread/INFO]: [CHAT] <LinGCar> 河里
[14:12:16] [Server thread/INFO]: MBSS_DarkLiam取得了进度[热腾腾的]
[14:12:16] [Render thread/INFO]: [CHAT] MBSS_DarkLiam取得了进度[热腾腾的]
[14:12:27] [Server thread/INFO]: <LinGCar> ?
[14:12:27] [Render thread/INFO]: [CHAT] <LinGCar> ?
[14:12:29] [Render thread/INFO]: [CHAT] 已将截图保存为2023-07-19_14.12.29.png
[14:12:39] [Server thread/INFO]: <MBSS_DarkLiam> 这不河里
[14:12:39] [Render thread/INFO]: [CHAT] <MBSS_DarkLiam> 这不河里
[14:13:00] [Server thread/INFO]: [LinGCar: 游戏规则randomTickSpeed已被设为：114514]
[14:13:00] [Render thread/INFO]: [CHAT] 游戏规则randomTickSpeed已被设为：114514
[14:13:03] [Server thread/WARN]: Can't keep up! Is the server overloaded? Running 2662ms or 53 ticks behind
[14:13:06] [Server thread/INFO]: [LinGCar: 游戏规则randomTickSpeed已被设为：0]
[14:13:06] [Render thread/INFO]: [CHAT] 游戏规则randomTickSpeed已被设为：0
[14:14:05] [Server thread/INFO]: [LinGCar: 已将1个[调试棒]给予LinGCar]
[14:14:05] [Render thread/INFO]: [CHAT] 已将1个[调试棒]给予LinGCar
[14:14:20] [Server thread/INFO]: [LinGCar: 已将LinGCar传送至MBSS_DarkLiam]
[14:14:20] [Render thread/INFO]: [CHAT] 已将LinGCar传送至MBSS_DarkLiam
[14:14:25] [Server thread/INFO]: [LinGCar: 已将自己的游戏模式设置为旁观模式]
[14:14:25] [Render thread/INFO]: [CHAT] 已将自己的游戏模式设置为旁观模式
[14:14:32] [Server thread/INFO]: <LinGCar> 烂尾楼(
[14:14:32] [Render thread/INFO]: [CHAT] <LinGCar> 烂尾楼(
[14:14:44] [Render thread/INFO]: [CHAT] [调试]： 区块边界：隐藏
[14:16:31] [Server thread/INFO]: [LinGCar: 已将自己的游戏模式设置为创造模式]
[14:16:31] [Render thread/INFO]: [CHAT] 已将自己的游戏模式设置为创造模式
[14:16:43] [Server thread/INFO]: [LinGCar: 已将自己的游戏模式设置为旁观模式]
[14:16:43] [Render thread/INFO]: [CHAT] 已将自己的游戏模式设置为旁观模式
[14:17:14] [Server thread/INFO]: [MBSS_DarkLiam: 已将自己的游戏模式设置为旁观模式]
[14:17:14] [Render thread/INFO]: [CHAT] [MBSS_DarkLiam: 已将自己的游戏模式设置为旁观模式]
[14:17:33] [Render thread/INFO]: [CHAT] 正在旁观MBSS_DarkLiam
[14:18:24] [Server thread/INFO]: [MBSS_DarkLiam: 已将自己的游戏模式设置为创造模式]
[14:18:24] [Render thread/INFO]: [CHAT] [MBSS_DarkLiam: 已将自己的游戏模式设置为创造模式]
[14:18:25] [Server thread/INFO]: [LinGCar: 已将自己的游戏模式设置为创造模式]
[14:18:25] [Render thread/INFO]: [CHAT] 已将自己的游戏模式设置为创造模式
[14:18:45] [Server thread/INFO]: [LinGCar: 已修改-6, 1, 4处的方块数据]
[14:18:45] [Render thread/INFO]: [CHAT] 已修改-6, 1, 4处的方块数据
[14:18:55] [Server thread/INFO]: <LinGCar> 嘶
[14:18:55] [Render thread/INFO]: [CHAT] <LinGCar> 嘶
[14:19:02] [Server thread/INFO]: <LinGCar> 你说有没有一种可能
[14:19:02] [Render thread/INFO]: [CHAT] <LinGCar> 你说有没有一种可能
[14:19:15] [Server thread/INFO]: <LinGCar> 游戏设定我可以直接弄悬空字放开始大厅
[14:19:15] [Render thread/INFO]: [CHAT] <LinGCar> 游戏设定我可以直接弄悬空字放开始大厅
[14:20:03] [Server thread/INFO]: [LinGCar: 已修改-6, 1, 4处的方块数据]
[14:20:03] [Render thread/INFO]: [CHAT] 已修改-6, 1, 4处的方块数据
[14:20:13] [Server thread/INFO]: <LinGCar> 刻意的游戏设计2.0
[14:20:13] [Render thread/INFO]: [CHAT] <LinGCar> 刻意的游戏设计2.0
[14:20:15] [Server thread/INFO]: <LinGCar> 刻意的游戏设计2.0
[14:20:15] [Render thread/INFO]: [CHAT] <LinGCar> 刻意的游戏设计2.0
[14:20:17] [Server thread/INFO]: [LinGCar: 已修改-6, 1, 4处的方块数据]
[14:20:17] [Render thread/INFO]: [CHAT] 已修改-6, 1, 4处的方块数据
[14:21:06] [Server thread/INFO]: <LinGCar> pwd:114514
[14:21:06] [Render thread/INFO]: [CHAT] <LinGCar> pwd:114514
[14:22:21] [Render thread/INFO]: [CHAT] 已将1个[§a§l[彩蛋] 列文虎克]给予LinGCar
[14:22:21] [Server thread/INFO]: [LinGCar: 已将1个[§a§l[彩蛋] 列文虎克]给予LinGCar]
[14:22:32] [Server thread/INFO]: [LinGCar: 已将1个[§a[彩蛋] 列文虎克]给予LinGCar]
[14:22:32] [Render thread/INFO]: [CHAT] 已将1个[§a[彩蛋] 列文虎克]给予LinGCar
[14:22:49] [Server thread/INFO]: [LinGCar: 已将1个[淡灰色染色玻璃]给予LinGCar]
[14:22:49] [Render thread/INFO]: [CHAT] 已将1个[淡灰色染色玻璃]给予LinGCar
[14:22:49] [Render thread/INFO]: Loaded 199 advancements
[14:22:52] [Server thread/INFO]: [LinGCar: 已将1个[淡灰色染色玻璃板]给予LinGCar]
[14:22:52] [Render thread/INFO]: [CHAT] 已将1个[淡灰色染色玻璃板]给予LinGCar
[14:23:35] [Server thread/INFO]: [LinGCar: 已将1个[ ]给予LinGCar]
[14:23:35] [Render thread/INFO]: [CHAT] 已将1个[ ]给予LinGCar
[14:24:05] [Server thread/INFO]: <LinGCar> 你说有没有一种可能
[14:24:05] [Render thread/INFO]: [CHAT] <LinGCar> 你说有没有一种可能
[14:24:12] [Server thread/INFO]: <LinGCar> 放彩蛋是地图造完之后的事情
[14:24:12] [Render thread/INFO]: [CHAT] <LinGCar> 放彩蛋是地图造完之后的事情
[14:24:15] [Server thread/INFO]: <LinGCar> (
[14:24:15] [Render thread/INFO]: [CHAT] <LinGCar> (
[14:24:24] [Server thread/INFO]: <MBSS_DarkLiam> 这叫铁窗泪
[14:24:24] [Render thread/INFO]: [CHAT] <MBSS_DarkLiam> 这叫铁窗泪
[14:24:30] [Server thread/INFO]: <LinGCar> 6
[14:24:30] [Render thread/INFO]: [CHAT] <LinGCar> 6
[14:24:36] [Server thread/INFO]: <LinGCar> 还有这个口不能封
[14:24:36] [Render thread/INFO]: [CHAT] <LinGCar> 还有这个口不能封
[14:24:37] [Server thread/INFO]: <MBSS_DarkLiam> 做的时候就考虑（
[14:24:37] [Render thread/INFO]: [CHAT] <MBSS_DarkLiam> 做的时候就考虑（
[14:24:38] [Server thread/INFO]: <LinGCar> 不然会这样
[14:24:38] [Render thread/INFO]: [CHAT] <LinGCar> 不然会这样
[14:24:41] [Server thread/INFO]: LinGCar掉出了这个世界
[14:24:41] [Render thread/INFO]: [CHAT] LinGCar掉出了这个世界
[14:24:41] [Server thread/INFO]: [LinGCar: 杀死了LinGCar]
[14:24:41] [Render thread/INFO]: [CHAT] 杀死了LinGCar
[14:24:41] [Render thread/INFO]: [CHAT] LinGCar: awsl
[14:24:43] [Server thread/INFO]: LinGCar掉出了这个世界
[14:24:43] [Server thread/INFO]: [LinGCar: 杀死了LinGCar]
[14:24:43] [Render thread/INFO]: [CHAT] LinGCar掉出了这个世界
[14:24:43] [Render thread/INFO]: [CHAT] 杀死了LinGCar
[14:24:45] [Server thread/INFO]: <LinGCar> ?6
[14:24:45] [Render thread/INFO]: [CHAT] <LinGCar> ?6
[14:24:48] [Server thread/INFO]: <LinGCar> ?6
[14:24:48] [Render thread/INFO]: [CHAT] <LinGCar> ?6
[14:24:50] [Server thread/INFO]: LinGCar掉出了这个世界
[14:24:50] [Server thread/INFO]: [LinGCar: 杀死了LinGCar]
[14:24:50] [Render thread/INFO]: [CHAT] LinGCar掉出了这个世界
[14:24:50] [Render thread/INFO]: [CHAT] 杀死了LinGCar
[14:24:52] [Server thread/INFO]: <MBSS_DarkLiam> 咋了
[14:24:52] [Render thread/INFO]: [CHAT] <MBSS_DarkLiam> 咋了
[14:24:53] [Server thread/INFO]: LinGCar掉出了这个世界
[14:24:53] [Server thread/INFO]: [LinGCar: 杀死了LinGCar]
[14:24:53] [Render thread/INFO]: [CHAT] LinGCar掉出了这个世界
[14:24:53] [Render thread/INFO]: [CHAT] 杀死了LinGCar
[14:24:55] [Server thread/INFO]: <LinGCar> 草
[14:24:55] [Render thread/INFO]: [CHAT] <LinGCar> 草
[14:25:04] [Server thread/INFO]: <LinGCar> 不是会复活到上面吗
[14:25:04] [Render thread/INFO]: [CHAT] <LinGCar> 不是会复活到上面吗
[14:25:11] [Server thread/INFO]: <MBSS_DarkLiam> 我改过了
[14:25:11] [Render thread/INFO]: [CHAT] <MBSS_DarkLiam> 我改过了
[14:25:16] [Server thread/INFO]: LinGCar掉出了这个世界
[14:25:16] [Server thread/INFO]: [LinGCar: 杀死了LinGCar]
[14:25:16] [Render thread/INFO]: [CHAT] LinGCar掉出了这个世界
[14:25:16] [Render thread/INFO]: [CHAT] 杀死了LinGCar
[14:25:26] [Server thread/INFO]: <MBSS_DarkLiam> be like /spawnpoint
[14:25:26] [Render thread/INFO]: [CHAT] <MBSS_DarkLiam> be like /spawnpoint
[14:25:35] [Server thread/INFO]: <LinGCar> 绷
[14:25:35] [Render thread/INFO]: [CHAT] <LinGCar> 绷
[14:25:44] [Server thread/INFO]: <LinGCar> worldspawn到上面了
[14:25:44] [Render thread/INFO]: [CHAT] <LinGCar> worldspawn到上面了
[14:26:03] [Server thread/INFO]: <MBSS_DarkLiam> 下面那个勃艮第我在想要不要留着（
[14:26:03] [Render thread/INFO]: [CHAT] <MBSS_DarkLiam> 下面那个勃艮第我在想要不要留着（
[14:26:18] [Server thread/INFO]: <LinGCar> 你说得对
[14:26:18] [Render thread/INFO]: [CHAT] <LinGCar> 你说得对
[14:26:23] [Server thread/INFO]: <LinGCar> 但是图没造完啊喂(
[14:26:23] [Render thread/INFO]: [CHAT] <LinGCar> 但是图没造完啊喂(
[14:26:33] [Server thread/INFO]: <LinGCar> 而且我感觉应该不止那一张图
[14:26:33] [Render thread/INFO]: [CHAT] <LinGCar> 而且我感觉应该不止那一张图
[14:26:34] [Server thread/INFO]: <LinGCar> (
[14:26:34] [Render thread/INFO]: [CHAT] <LinGCar> (
[14:26:45] [Server thread/INFO]: <MBSS_DarkLiam> (((((((((((((((((((((((((((((((((((((((((((((((((((((((((((((((((((((((((((((((((((((((((((((((((((((((((((((((((((((((((((((((((((99(((((((((((((((((((((((((((((((((((((((((((((((((((((((((((((((((((((((((((((((((((((((((((((((((((((((((((((((((((((((((((
[14:26:45] [Render thread/INFO]: [CHAT] <MBSS_DarkLiam> (((((((((((((((((((((((((((((((((((((((((((((((((((((((((((((((((((((((((((((((((((((((((((((((((((((((((((((((((((((((((((((((((((99(((((((((((((((((((((((((((((((((((((((((((((((((((((((((((((((((((((((((((((((((((((((((((((((((((((((((((((((((((((((((((
[14:26:52] [Render thread/ERROR]: ########## GL ERROR ##########
[14:26:52] [Render thread/ERROR]: @ Render
[14:26:52] [Render thread/ERROR]: 65544: Win32: Failed to open clipboard: 拒绝访问。 
[14:26:53] [Server thread/INFO]: <LinGCar> ((((((((((((((((((((((((((((((((((((((((((((((((((((((((((((((((((((((((((((((((((((((((((((((((((((((((((((((((((((((((((((((((((((((((((((((((((((((((((((((((((((((((((((((((((((((((((((((((((((((((((((((((((((((((((((((((((((((((((((((((((((((((((((((((
[14:26:53] [Render thread/INFO]: [CHAT] <LinGCar> ((((((((((((((((((((((((((((((((((((((((((((((((((((((((((((((((((((((((((((((((((((((((((((((((((((((((((((((((((((((((((((((((((((((((((((((((((((((((((((((((((((((((((((((((((((((((((((((((((((((((((((((((((((((((((((((((((((((((((((((((((((((((((((((((
[14:26:57] [Render thread/ERROR]: ########## GL ERROR ##########
[14:26:57] [Render thread/ERROR]: @ Render
[14:26:57] [Render thread/ERROR]: 65544: Win32: Failed to open clipboard: 拒绝访问。 
[14:26:58] [Server thread/INFO]: <LinGCar> ((((((((((((((((((((((((((((((((((((((((((((((((((((((((((((((((((((((((((((((((((((((((((((((((((((((((((((((((((((((((((((((((((((((((((((((((((((((((((((((((((((((((((((((((((((((((((((((((((((((((((((((((((((((((((((((((((((((((((((((((((((((((((((((((
[14:26:58] [Render thread/INFO]: [CHAT] <LinGCar> ((((((((((((((((((((((((((((((((((((((((((((((((((((((((((((((((((((((((((((((((((((((((((((((((((((((((((((((((((((((((((((((((((((((((((((((((((((((((((((((((((((((((((((((((((((((((((((((((((((((((((((((((((((((((((((((((((((((((((((((((((((((((((((((((
[14:27:16] [Server thread/INFO]: <LinGCar> 哈哈哈哈哈哈哈哈哈哈哈哈哈哈哈哈哈哈哈哈哈哈哈哈哈哈哈哈哈哈哈哈哈哈哈哈哈哈哈哈哈哈哈哈哈哈哈哈哈哈哈哈哈哈哈哈哈哈哈哈哈哈哈哈哈哈哈哈哈哈哈哈哈哈哈哈哈哈哈哈哈哈哈哈哈哈哈哈哈哈哈哈哈哈哈哈哈哈哈哈哈哈哈哈哈哈哈哈哈哈哈哈哈哈哈哈哈哈哈哈哈哈哈哈哈哈哈哈哈哈哈哈哈哈哈哈哈哈哈哈哈哈哈哈哈哈哈哈哈哈哈哈哈哈哈哈哈哈哈哈哈哈哈哈哈哈哈哈哈哈哈哈哈哈哈哈哈哈哈哈哈哈哈哈哈哈哈哈哈哈哈哈哈哈哈哈哈哈哈哈哈哈哈哈哈哈哈哈哈哈哈哈哈哈哈哈哈哈哈哈哈哈哈哈哈哈哈哈哈哈哈哈哈哈哈哈哈哈哈哈哈哈哈哈哈哈哈哈哈哈哈哈哈哈哈哈
[14:27:16] [Render thread/INFO]: [CHAT] <LinGCar> 哈哈哈哈哈哈哈哈哈哈哈哈哈哈哈哈哈哈哈哈哈哈哈哈哈哈哈哈哈哈哈哈哈哈哈哈哈哈哈哈哈哈哈哈哈哈哈哈哈哈哈哈哈哈哈哈哈哈哈哈哈哈哈哈哈哈哈哈哈哈哈哈哈哈哈哈哈哈哈哈哈哈哈哈哈哈哈哈哈哈哈哈哈哈哈哈哈哈哈哈哈哈哈哈哈哈哈哈哈哈哈哈哈哈哈哈哈哈哈哈哈哈哈哈哈哈哈哈哈哈哈哈哈哈哈哈哈哈哈哈哈哈哈哈哈哈哈哈哈哈哈哈哈哈哈哈哈哈哈哈哈哈哈哈哈哈哈哈哈哈哈哈哈哈哈哈哈哈哈哈哈哈哈哈哈哈哈哈哈哈哈哈哈哈哈哈哈哈哈哈哈哈哈哈哈哈哈哈哈哈哈哈哈哈哈哈哈哈哈哈哈哈哈哈哈哈哈哈哈哈哈哈哈哈哈哈哈哈哈哈哈哈哈哈哈哈哈哈哈哈哈哈哈哈哈哈
[14:27:18] [Server thread/INFO]: [MBSS_DarkLiam] ((((((((((((((((((((((((((((((((((((( LinGcar == 114514
[14:27:18] [Render thread/INFO]: [CHAT] [MBSS_DarkLiam] ((((((((((((((((((((((((((((((((((((( LinGcar == 114514
[14:27:30] [Server thread/INFO]: [LinGCar] MBSS_DarkLiam SB
[14:27:30] [Render thread/INFO]: [CHAT] [LinGCar] MBSS_DarkLiam SB
[14:27:36] [Server thread/INFO]: [LinGCar] MBSS_DarkLiam SB
[14:27:36] [Render thread/INFO]: [CHAT] [LinGCar] MBSS_DarkLiam SB
[14:27:37] [Server thread/INFO]: [LinGCar] MBSS_DarkLiam SB
[14:27:37] [Render thread/INFO]: [CHAT] [LinGCar] MBSS_DarkLiam SB
[14:27:37] [Server thread/INFO]: [LinGCar] MBSS_DarkLiam SB
[14:27:37] [Render thread/INFO]: [CHAT] [LinGCar] MBSS_DarkLiam SB
[14:27:38] [Server thread/INFO]: [LinGCar] MBSS_DarkLiam SB
[14:27:38] [Render thread/INFO]: [CHAT] [LinGCar] MBSS_DarkLiam SB
[14:27:38] [Server thread/INFO]: [LinGCar] MBSS_DarkLiam SB
[14:27:38] [Render thread/INFO]: [CHAT] [LinGCar] MBSS_DarkLiam SB
[14:27:38] [Server thread/INFO]: [LinGCar] MBSS_DarkLiam SB
[14:27:38] [Render thread/INFO]: [CHAT] [LinGCar] MBSS_DarkLiam SB
[14:27:39] [Server thread/INFO]: [LinGCar] MBSS_DarkLiam SB
[14:27:39] [Render thread/INFO]: [CHAT] [LinGCar] MBSS_DarkLiam SB
[14:27:39] [Server thread/INFO]: [LinGCar] MBSS_DarkLiam SB
[14:27:39] [Render thread/INFO]: [CHAT] [LinGCar] MBSS_DarkLiam SB
[14:27:47] [Server thread/INFO]: [LinGCar: 已将自己的游戏模式设置为生存模式]
[14:27:47] [Render thread/INFO]: [CHAT] 已将自己的游戏模式设置为生存模式
[14:27:48] [Server thread/INFO]: [LinGCar: 已将自己的游戏模式设置为创造模式]
[14:27:48] [Render thread/INFO]: [CHAT] 已将自己的游戏模式设置为创造模式
[14:27:48] [Server thread/INFO]: [LinGCar: 已将自己的游戏模式设置为旁观模式]
[14:27:48] [Render thread/INFO]: [CHAT] 已将自己的游戏模式设置为旁观模式
[14:27:51] [Server thread/INFO]: [LinGCar: 已将自己的游戏模式设置为创造模式]
[14:27:51] [Render thread/INFO]: [CHAT] 已将自己的游戏模式设置为创造模式
[14:27:54] [Server thread/INFO]: <MBSS_DarkLiam> 哼
[14:27:54] [Render thread/INFO]: [CHAT] <MBSS_DarkLiam> 哼
[14:28:02] [Render thread/INFO]: [CHAT] 成功设置：/say MBSS_DarkLiam SB
[14:28:06] [Render thread/INFO]: [CHAT] 成功设置：/say MBSS_DarkLiam SB
[14:28:06] [Server thread/INFO]: [@] MBSS_DarkLiam SB
[14:28:06] [Render thread/INFO]: [CHAT] [@] MBSS_DarkLiam SB
[14:28:06] [Server thread/INFO]: [@] MBSS_DarkLiam SB
[14:28:06] [Render thread/INFO]: [CHAT] [@] MBSS_DarkLiam SB
[14:28:06] [Server thread/INFO]: [@] MBSS_DarkLiam SB
[14:28:06] [Render thread/INFO]: [CHAT] [@] MBSS_DarkLiam SB
[14:28:06] [Server thread/INFO]: [@] MBSS_DarkLiam SB
[14:28:06] [Render thread/INFO]: [CHAT] [@] MBSS_DarkLiam SB
[14:28:06] [Server thread/INFO]: [@] MBSS_DarkLiam SB
[14:28:06] [Render thread/INFO]: [CHAT] [@] MBSS_DarkLiam SB
[14:28:06] [Server thread/INFO]: [@] MBSS_DarkLiam SB
[14:28:06] [Render thread/INFO]: [CHAT] [@] MBSS_DarkLiam SB
[14:28:06] [Server thread/INFO]: [@] MBSS_DarkLiam SB
[14:28:06] [Render thread/INFO]: [CHAT] [@] MBSS_DarkLiam SB
[14:28:06] [Server thread/INFO]: [@] MBSS_DarkLiam SB
[14:28:06] [Render thread/INFO]: [CHAT] [@] MBSS_DarkLiam SB
[14:28:06] [Server thread/INFO]: [@] MBSS_DarkLiam SB
[14:28:06] [Render thread/INFO]: [CHAT] [@] MBSS_DarkLiam SB
[14:28:06] [Server thread/INFO]: [@] MBSS_DarkLiam SB
[14:28:06] [Render thread/INFO]: [CHAT] [@] MBSS_DarkLiam SB
[14:28:06] [Server thread/INFO]: [@] MBSS_DarkLiam SB
[14:28:06] [Render thread/INFO]: [CHAT] [@] MBSS_DarkLiam SB
[14:28:06] [Server thread/INFO]: [@] MBSS_DarkLiam SB
[14:28:06] [Render thread/INFO]: [CHAT] [@] MBSS_DarkLiam SB
[14:28:06] [Server thread/INFO]: [@] MBSS_DarkLiam SB
[14:28:06] [Render thread/INFO]: [CHAT] [@] MBSS_DarkLiam SB
[14:28:06] [Server thread/INFO]: [@] MBSS_DarkLiam SB
[14:28:07] [Render thread/INFO]: [CHAT] [@] MBSS_DarkLiam SB
[14:28:07] [Server thread/INFO]: [@] MBSS_DarkLiam SB
[14:28:07] [Render thread/INFO]: [CHAT] [@] MBSS_DarkLiam SB
[14:28:07] [Server thread/INFO]: [@] MBSS_DarkLiam SB
[14:28:07] [Render thread/INFO]: [CHAT] [@] MBSS_DarkLiam SB
[14:28:07] [Server thread/INFO]: [@] MBSS_DarkLiam SB
[14:28:07] [Render thread/INFO]: [CHAT] [@] MBSS_DarkLiam SB
[14:28:07] [Server thread/INFO]: [@] MBSS_DarkLiam SB
[14:28:07] [Render thread/INFO]: [CHAT] [@] MBSS_DarkLiam SB
[14:28:07] [Server thread/INFO]: [@] MBSS_DarkLiam SB
[14:28:07] [Render thread/INFO]: [CHAT] [@] MBSS_DarkLiam SB
[14:28:07] [Server thread/INFO]: [@] MBSS_DarkLiam SB
[14:28:07] [Render thread/INFO]: [CHAT] [@] MBSS_DarkLiam SB
[14:28:07] [Server thread/INFO]: [@] MBSS_DarkLiam SB
[14:28:07] [Render thread/INFO]: [CHAT] [@] MBSS_DarkLiam SB
[14:28:07] [Server thread/INFO]: [@] MBSS_DarkLiam SB
[14:28:07] [Render thread/INFO]: [CHAT] [@] MBSS_DarkLiam SB
[14:28:07] [Server thread/INFO]: [@] MBSS_DarkLiam SB
[14:28:07] [Render thread/INFO]: [CHAT] [@] MBSS_DarkLiam SB
[14:28:07] [Server thread/INFO]: [@] MBSS_DarkLiam SB
[14:28:07] [Render thread/INFO]: [CHAT] [@] MBSS_DarkLiam SB
[14:28:07] [Server thread/INFO]: [@] MBSS_DarkLiam SB
[14:28:07] [Render thread/INFO]: [CHAT] [@] MBSS_DarkLiam SB
[14:28:07] [Server thread/INFO]: [@] MBSS_DarkLiam SB
[14:28:07] [Render thread/INFO]: [CHAT] [@] MBSS_DarkLiam SB
[14:28:07] [Server thread/INFO]: [@] MBSS_DarkLiam SB
[14:28:07] [Render thread/INFO]: [CHAT] [@] MBSS_DarkLiam SB
[14:28:07] [Server thread/INFO]: [@] MBSS_DarkLiam SB
[14:28:07] [Render thread/INFO]: [CHAT] [@] MBSS_DarkLiam SB
[14:28:07] [Server thread/INFO]: [@] MBSS_DarkLiam SB
[14:28:07] [Render thread/INFO]: [CHAT] [@] MBSS_DarkLiam SB
[14:28:07] [Server thread/INFO]: [@] MBSS_DarkLiam SB
[14:28:07] [Render thread/INFO]: [CHAT] [@] MBSS_DarkLiam SB
[14:28:07] [Server thread/INFO]: [@] MBSS_DarkLiam SB
[14:28:07] [Render thread/INFO]: [CHAT] [@] MBSS_DarkLiam SB
[14:28:07] [Server thread/INFO]: [@] MBSS_DarkLiam SB
[14:28:07] [Render thread/INFO]: [CHAT] [@] MBSS_DarkLiam SB
[14:28:07] [Server thread/INFO]: [@] MBSS_DarkLiam SB
[14:28:07] [Render thread/INFO]: [CHAT] [@] MBSS_DarkLiam SB
[14:28:07] [Server thread/INFO]: [@] MBSS_DarkLiam SB
[14:28:08] [Render thread/INFO]: [CHAT] [@] MBSS_DarkLiam SB
[14:28:08] [Server thread/INFO]: [@] MBSS_DarkLiam SB
[14:28:08] [Render thread/INFO]: [CHAT] [@] MBSS_DarkLiam SB
[14:28:08] [Server thread/INFO]: [@] MBSS_DarkLiam SB
[14:28:08] [Render thread/INFO]: [CHAT] [@] MBSS_DarkLiam SB
[14:28:08] [Server thread/INFO]: [@] MBSS_DarkLiam SB
[14:28:08] [Render thread/INFO]: [CHAT] [@] MBSS_DarkLiam SB
[14:28:08] [Server thread/INFO]: [@] MBSS_DarkLiam SB
[14:28:08] [Render thread/INFO]: [CHAT] [@] MBSS_DarkLiam SB
[14:28:08] [Server thread/INFO]: [@] MBSS_DarkLiam SB
[14:28:08] [Render thread/INFO]: [CHAT] [@] MBSS_DarkLiam SB
[14:28:08] [Server thread/INFO]: [@] MBSS_DarkLiam SB
[14:28:08] [Render thread/INFO]: [CHAT] [@] MBSS_DarkLiam SB
[14:28:08] [Server thread/INFO]: [@] MBSS_DarkLiam SB
[14:28:08] [Render thread/INFO]: [CHAT] [@] MBSS_DarkLiam SB
[14:28:08] [Server thread/INFO]: [@] MBSS_DarkLiam SB
[14:28:08] [Render thread/INFO]: [CHAT] [@] MBSS_DarkLiam SB
[14:28:08] [Server thread/INFO]: [@] MBSS_DarkLiam SB
[14:28:08] [Render thread/INFO]: [CHAT] [@] MBSS_DarkLiam SB
[14:28:08] [Server thread/INFO]: [@] MBSS_DarkLiam SB
[14:28:08] [Render thread/INFO]: [CHAT] [@] MBSS_DarkLiam SB
[14:28:08] [Server thread/INFO]: [@] MBSS_DarkLiam SB
[14:28:08] [Render thread/INFO]: [CHAT] [@] MBSS_DarkLiam SB
[14:28:08] [Server thread/INFO]: [@] MBSS_DarkLiam SB
[14:28:08] [Render thread/INFO]: [CHAT] [@] MBSS_DarkLiam SB
[14:28:08] [Server thread/INFO]: [@] MBSS_DarkLiam SB
[14:28:08] [Server thread/INFO]: [@] MBSS_DarkLiam SB
[14:28:08] [Render thread/INFO]: [CHAT] [@] MBSS_DarkLiam SB
[14:28:08] [Render thread/INFO]: [CHAT] [@] MBSS_DarkLiam SB
[14:28:08] [Server thread/INFO]: [@] MBSS_DarkLiam SB
[14:28:08] [Render thread/INFO]: [CHAT] [@] MBSS_DarkLiam SB
[14:28:08] [Server thread/INFO]: [@] MBSS_DarkLiam SB
[14:28:08] [Render thread/INFO]: [CHAT] [@] MBSS_DarkLiam SB
[14:28:08] [Server thread/INFO]: [@] MBSS_DarkLiam SB
[14:28:08] [Render thread/INFO]: [CHAT] [@] MBSS_DarkLiam SB
[14:28:08] [Server thread/INFO]: [@] MBSS_DarkLiam SB
[14:28:08] [Render thread/INFO]: [CHAT] [@] MBSS_DarkLiam SB
[14:28:08] [Server thread/INFO]: [@] MBSS_DarkLiam SB
[14:28:08] [Render thread/INFO]: [CHAT] [@] MBSS_DarkLiam SB
[14:28:08] [Server thread/INFO]: [@] MBSS_DarkLiam SB
[14:28:08] [Render thread/INFO]: [CHAT] [@] MBSS_DarkLiam SB
[14:28:09] [Server thread/INFO]: [@] MBSS_DarkLiam SB
[14:28:09] [Render thread/INFO]: [CHAT] [@] MBSS_DarkLiam SB
[14:28:09] [Server thread/INFO]: [@] MBSS_DarkLiam SB
[14:28:09] [Render thread/INFO]: [CHAT] [@] MBSS_DarkLiam SB
[14:28:09] [Server thread/INFO]: [@] MBSS_DarkLiam SB
[14:28:09] [Render thread/INFO]: [CHAT] [@] MBSS_DarkLiam SB
[14:28:09] [Server thread/INFO]: [@] MBSS_DarkLiam SB
[14:28:09] [Render thread/INFO]: [CHAT] [@] MBSS_DarkLiam SB
[14:28:09] [Server thread/INFO]: [@] MBSS_DarkLiam SB
[14:28:09] [Render thread/INFO]: [CHAT] [@] MBSS_DarkLiam SB
[14:28:09] [Server thread/INFO]: [@] MBSS_DarkLiam SB
[14:28:09] [Render thread/INFO]: [CHAT] [@] MBSS_DarkLiam SB
[14:28:09] [Server thread/INFO]: [@] MBSS_DarkLiam SB
[14:28:09] [Render thread/INFO]: [CHAT] [@] MBSS_DarkLiam SB
[14:28:09] [Server thread/INFO]: [@] MBSS_DarkLiam SB
[14:28:09] [Render thread/INFO]: [CHAT] [@] MBSS_DarkLiam SB
[14:28:09] [Server thread/INFO]: [@] MBSS_DarkLiam SB
[14:28:09] [Render thread/INFO]: [CHAT] [@] MBSS_DarkLiam SB
[14:28:09] [Server thread/INFO]: [@] MBSS_DarkLiam SB
[14:28:09] [Render thread/INFO]: [CHAT] [@] MBSS_DarkLiam SB
[14:28:09] [Server thread/INFO]: [@] MBSS_DarkLiam SB
[14:28:09] [Render thread/INFO]: [CHAT] [@] MBSS_DarkLiam SB
[14:28:09] [Server thread/INFO]: [@] MBSS_DarkLiam SB
[14:28:09] [Render thread/INFO]: [CHAT] [@] MBSS_DarkLiam SB
[14:28:09] [Server thread/INFO]: [@] MBSS_DarkLiam SB
[14:28:09] [Server thread/INFO]: [@] MBSS_DarkLiam SB
[14:28:09] [Render thread/INFO]: [CHAT] [@] MBSS_DarkLiam SB
[14:28:09] [Render thread/INFO]: [CHAT] [@] MBSS_DarkLiam SB
[14:28:09] [Server thread/INFO]: [@] MBSS_DarkLiam SB
[14:28:09] [Render thread/INFO]: [CHAT] [@] MBSS_DarkLiam SB
[14:28:09] [Server thread/INFO]: [@] MBSS_DarkLiam SB
[14:28:09] [Render thread/INFO]: [CHAT] [@] MBSS_DarkLiam SB
[14:28:09] [Server thread/INFO]: [@] MBSS_DarkLiam SB
[14:28:09] [Render thread/INFO]: [CHAT] [@] MBSS_DarkLiam SB
[14:28:09] [Server thread/INFO]: [@] MBSS_DarkLiam SB
[14:28:09] [Render thread/INFO]: [CHAT] [@] MBSS_DarkLiam SB
[14:28:09] [Server thread/INFO]: [@] MBSS_DarkLiam SB
[14:28:09] [Render thread/INFO]: [CHAT] [@] MBSS_DarkLiam SB
[14:28:09] [Server thread/INFO]: [@] MBSS_DarkLiam SB
[14:28:10] [Render thread/INFO]: [CHAT] [@] MBSS_DarkLiam SB
[14:28:10] [Server thread/INFO]: [@] MBSS_DarkLiam SB
[14:28:10] [Render thread/INFO]: [CHAT] [@] MBSS_DarkLiam SB
[14:28:10] [Server thread/INFO]: [@] MBSS_DarkLiam SB
[14:28:10] [Render thread/INFO]: [CHAT] [@] MBSS_DarkLiam SB
[14:28:10] [Server thread/INFO]: [@] MBSS_DarkLiam SB
[14:28:10] [Render thread/INFO]: [CHAT] [@] MBSS_DarkLiam SB
[14:28:10] [Server thread/INFO]: [@] MBSS_DarkLiam SB
[14:28:10] [Render thread/INFO]: [CHAT] [@] MBSS_DarkLiam SB
[14:28:10] [Server thread/INFO]: [@] MBSS_DarkLiam SB
[14:28:10] [Render thread/INFO]: [CHAT] [@] MBSS_DarkLiam SB
[14:28:10] [Server thread/INFO]: [@] MBSS_DarkLiam SB
[14:28:10] [Render thread/INFO]: [CHAT] [@] MBSS_DarkLiam SB
[14:28:10] [Server thread/INFO]: [@] MBSS_DarkLiam SB
[14:28:10] [Render thread/INFO]: [CHAT] [@] MBSS_DarkLiam SB
[14:28:10] [Server thread/INFO]: [@] MBSS_DarkLiam SB
[14:28:10] [Render thread/INFO]: [CHAT] [@] MBSS_DarkLiam SB
[14:28:10] [Server thread/INFO]: [@] MBSS_DarkLiam SB
[14:28:10] [Render thread/INFO]: [CHAT] [@] MBSS_DarkLiam SB
[14:28:10] [Server thread/INFO]: [@] MBSS_DarkLiam SB
[14:28:10] [Render thread/INFO]: [CHAT] [@] MBSS_DarkLiam SB
[14:28:10] [Server thread/INFO]: [@] MBSS_DarkLiam SB
[14:28:10] [Render thread/INFO]: [CHAT] [@] MBSS_DarkLiam SB
[14:28:10] [Server thread/INFO]: [@] MBSS_DarkLiam SB
[14:28:10] [Render thread/INFO]: [CHAT] [@] MBSS_DarkLiam SB
[14:28:10] [Server thread/INFO]: [@] MBSS_DarkLiam SB
[14:28:10] [Render thread/INFO]: [CHAT] [@] MBSS_DarkLiam SB
[14:28:10] [Server thread/INFO]: [@] MBSS_DarkLiam SB
[14:28:10] [Render thread/INFO]: [CHAT] [@] MBSS_DarkLiam SB
[14:28:10] [Server thread/INFO]: [@] MBSS_DarkLiam SB
[14:28:10] [Render thread/INFO]: [CHAT] [@] MBSS_DarkLiam SB
[14:28:10] [Server thread/INFO]: [@] MBSS_DarkLiam SB
[14:28:10] [Render thread/INFO]: [CHAT] [@] MBSS_DarkLiam SB
[14:28:10] [Server thread/INFO]: [@] MBSS_DarkLiam SB
[14:28:10] [Render thread/INFO]: [CHAT] [@] MBSS_DarkLiam SB
[14:28:10] [Server thread/INFO]: [@] MBSS_DarkLiam SB
[14:28:10] [Render thread/INFO]: [CHAT] [@] MBSS_DarkLiam SB
[14:28:10] [Server thread/INFO]: [@] MBSS_DarkLiam SB
[14:28:10] [Render thread/INFO]: [CHAT] [@] MBSS_DarkLiam SB
[14:28:10] [Server thread/INFO]: [@] MBSS_DarkLiam SB
[14:28:11] [Render thread/INFO]: [CHAT] [@] MBSS_DarkLiam SB
[14:28:11] [Server thread/INFO]: [@] MBSS_DarkLiam SB
[14:28:11] [Render thread/INFO]: [CHAT] [@] MBSS_DarkLiam SB
[14:28:11] [Server thread/INFO]: [@] MBSS_DarkLiam SB
[14:28:11] [Render thread/INFO]: [CHAT] [@] MBSS_DarkLiam SB
[14:28:11] [Server thread/INFO]: [@] MBSS_DarkLiam SB
[14:28:11] [Server thread/INFO]: MBSS_DarkLiam lost connection: 连接中断
[14:28:11] [Server thread/INFO]: MBSS_DarkLiam退出了游戏
[14:28:11] [Render thread/INFO]: [CHAT] [@] MBSS_DarkLiam SB
[14:28:11] [Render thread/INFO]: [CHAT] MBSS_DarkLiam退出了游戏
[14:28:11] [Server thread/INFO]: [@] MBSS_DarkLiam SB
[14:28:11] [Server thread/INFO]: [@] MBSS_DarkLiam SB
[14:28:11] [Render thread/INFO]: [CHAT] [@] MBSS_DarkLiam SB
[14:28:11] [Render thread/INFO]: [CHAT] [@] MBSS_DarkLiam SB
[14:28:11] [Server thread/INFO]: [@] MBSS_DarkLiam SB
[14:28:11] [Server thread/INFO]: [@] MBSS_DarkLiam SB
[14:28:11] [Server thread/INFO]: [@] MBSS_DarkLiam SB
[14:28:11] [Server thread/INFO]: [@] MBSS_DarkLiam SB
[14:28:11] [Render thread/INFO]: [CHAT] [@] MBSS_DarkLiam SB
[14:28:11] [Server thread/INFO]: [@] MBSS_DarkLiam SB
[14:28:11] [Render thread/INFO]: [CHAT] [@] MBSS_DarkLiam SB
[14:28:11] [Render thread/INFO]: [CHAT] [@] MBSS_DarkLiam SB
[14:28:11] [Render thread/INFO]: [CHAT] [@] MBSS_DarkLiam SB
[14:28:11] [Render thread/INFO]: [CHAT] [@] MBSS_DarkLiam SB
[14:28:11] [Server thread/INFO]: [@] MBSS_DarkLiam SB
[14:28:11] [Render thread/INFO]: [CHAT] [@] MBSS_DarkLiam SB
[14:28:11] [Server thread/INFO]: [@] MBSS_DarkLiam SB
[14:28:11] [Render thread/INFO]: [CHAT] [@] MBSS_DarkLiam SB
[14:28:11] [Server thread/INFO]: [@] MBSS_DarkLiam SB
[14:28:11] [Render thread/INFO]: [CHAT] [@] MBSS_DarkLiam SB
[14:28:11] [Server thread/INFO]: [@] MBSS_DarkLiam SB
[14:28:11] [Render thread/INFO]: [CHAT] [@] MBSS_DarkLiam SB
[14:28:11] [Server thread/INFO]: [@] MBSS_DarkLiam SB
[14:28:11] [Render thread/INFO]: [CHAT] [@] MBSS_DarkLiam SB
[14:28:11] [Server thread/INFO]: [@] MBSS_DarkLiam SB
[14:28:11] [Render thread/INFO]: [CHAT] [@] MBSS_DarkLiam SB
[14:28:11] [Server thread/INFO]: [@] MBSS_DarkLiam SB
[14:28:11] [Render thread/INFO]: [CHAT] [@] MBSS_DarkLiam SB
[14:28:11] [Server thread/INFO]: [@] MBSS_DarkLiam SB
[14:28:11] [Render thread/INFO]: [CHAT] [@] MBSS_DarkLiam SB
[14:28:11] [Server thread/INFO]: [@] MBSS_DarkLiam SB
[14:28:11] [Render thread/INFO]: [CHAT] [@] MBSS_DarkLiam SB
[14:28:11] [Server thread/INFO]: [@] MBSS_DarkLiam SB
[14:28:12] [Render thread/INFO]: [CHAT] [@] MBSS_DarkLiam SB
[14:28:12] [Server thread/INFO]: [@] MBSS_DarkLiam SB
[14:28:12] [Render thread/INFO]: [CHAT] [@] MBSS_DarkLiam SB
[14:28:12] [Server thread/INFO]: [@] MBSS_DarkLiam SB
[14:28:12] [Render thread/INFO]: [CHAT] [@] MBSS_DarkLiam SB
[14:28:12] [Server thread/INFO]: [@] MBSS_DarkLiam SB
[14:28:12] [Render thread/INFO]: [CHAT] [@] MBSS_DarkLiam SB
[14:28:12] [Server thread/INFO]: [@] MBSS_DarkLiam SB
[14:28:12] [Render thread/INFO]: [CHAT] [@] MBSS_DarkLiam SB
[14:28:12] [Server thread/INFO]: [@] MBSS_DarkLiam SB
[14:28:12] [Render thread/INFO]: [CHAT] [@] MBSS_DarkLiam SB
[14:28:12] [Server thread/INFO]: [@] MBSS_DarkLiam SB
[14:28:12] [Render thread/INFO]: [CHAT] [@] MBSS_DarkLiam SB
[14:28:12] [Server thread/INFO]: [@] MBSS_DarkLiam SB
[14:28:12] [Render thread/INFO]: [CHAT] [@] MBSS_DarkLiam SB
[14:28:12] [Server thread/INFO]: [@] MBSS_DarkLiam SB
[14:28:12] [Render thread/INFO]: [CHAT] [@] MBSS_DarkLiam SB
[14:28:12] [Server thread/INFO]: [@] MBSS_DarkLiam SB
[14:28:12] [Render thread/INFO]: [CHAT] [@] MBSS_DarkLiam SB
[14:28:12] [Server thread/INFO]: [@] MBSS_DarkLiam SB
[14:28:12] [Render thread/INFO]: [CHAT] [@] MBSS_DarkLiam SB
[14:28:12] [Server thread/INFO]: [@] MBSS_DarkLiam SB
[14:28:12] [Render thread/INFO]: [CHAT] [@] MBSS_DarkLiam SB
[14:28:12] [Server thread/INFO]: [@] MBSS_DarkLiam SB
[14:28:12] [Render thread/INFO]: [CHAT] [@] MBSS_DarkLiam SB
[14:28:12] [Server thread/INFO]: [@] MBSS_DarkLiam SB
[14:28:12] [Render thread/INFO]: [CHAT] [@] MBSS_DarkLiam SB
[14:28:12] [Server thread/INFO]: [@] MBSS_DarkLiam SB
[14:28:12] [Render thread/INFO]: [CHAT] [@] MBSS_DarkLiam SB
[14:28:12] [Server thread/INFO]: [@] MBSS_DarkLiam SB
[14:28:12] [Render thread/INFO]: [CHAT] [@] MBSS_DarkLiam SB
[14:28:12] [Server thread/INFO]: [@] MBSS_DarkLiam SB
[14:28:12] [Render thread/INFO]: [CHAT] [@] MBSS_DarkLiam SB
[14:28:12] [Server thread/INFO]: [@] MBSS_DarkLiam SB
[14:28:12] [Render thread/INFO]: [CHAT] [@] MBSS_DarkLiam SB
[14:28:12] [Server thread/INFO]: [@] MBSS_DarkLiam SB
[14:28:12] [Render thread/INFO]: [CHAT] [@] MBSS_DarkLiam SB
[14:28:12] [Server thread/INFO]: [@] MBSS_DarkLiam SB
[14:28:12] [Render thread/INFO]: [CHAT] [@] MBSS_DarkLiam SB
[14:28:12] [Server thread/INFO]: [@] MBSS_DarkLiam SB
[14:28:12] [Render thread/INFO]: [CHAT] [@] MBSS_DarkLiam SB
[14:28:13] [Server thread/INFO]: [@] MBSS_DarkLiam SB
[14:28:13] [Render thread/INFO]: [CHAT] [@] MBSS_DarkLiam SB
[14:28:13] [Server thread/INFO]: [@] MBSS_DarkLiam SB
[14:28:13] [Render thread/INFO]: [CHAT] [@] MBSS_DarkLiam SB
[14:28:13] [Server thread/INFO]: [@] MBSS_DarkLiam SB
[14:28:13] [Render thread/INFO]: [CHAT] [@] MBSS_DarkLiam SB
[14:28:13] [Server thread/INFO]: [@] MBSS_DarkLiam SB
[14:28:13] [Render thread/INFO]: [CHAT] [@] MBSS_DarkLiam SB
[14:28:13] [Server thread/INFO]: [@] MBSS_DarkLiam SB
[14:28:13] [Render thread/INFO]: [CHAT] [@] MBSS_DarkLiam SB
[14:28:13] [Server thread/INFO]: [@] MBSS_DarkLiam SB
[14:28:13] [Render thread/INFO]: [CHAT] [@] MBSS_DarkLiam SB
[14:28:13] [Server thread/INFO]: [@] MBSS_DarkLiam SB
[14:28:13] [Render thread/INFO]: [CHAT] [@] MBSS_DarkLiam SB
[14:28:13] [Server thread/INFO]: [@] MBSS_DarkLiam SB
[14:28:13] [Render thread/INFO]: [CHAT] [@] MBSS_DarkLiam SB
[14:28:13] [Server thread/INFO]: [@] MBSS_DarkLiam SB
[14:28:13] [Render thread/INFO]: [CHAT] [@] MBSS_DarkLiam SB
[14:28:13] [Server thread/INFO]: [@] MBSS_DarkLiam SB
[14:28:13] [Render thread/INFO]: [CHAT] [@] MBSS_DarkLiam SB
[14:28:13] [Server thread/INFO]: [@] MBSS_DarkLiam SB
[14:28:13] [Render thread/INFO]: [CHAT] [@] MBSS_DarkLiam SB
[14:28:13] [Server thread/INFO]: [@] MBSS_DarkLiam SB
[14:28:13] [Render thread/INFO]: [CHAT] [@] MBSS_DarkLiam SB
[14:28:13] [Server thread/INFO]: [@] MBSS_DarkLiam SB
[14:28:13] [Render thread/INFO]: [CHAT] [@] MBSS_DarkLiam SB
[14:28:13] [Server thread/INFO]: [@] MBSS_DarkLiam SB
[14:28:13] [Render thread/INFO]: [CHAT] [@] MBSS_DarkLiam SB
[14:28:13] [Server thread/INFO]: [@] MBSS_DarkLiam SB
[14:28:13] [Render thread/INFO]: [CHAT] [@] MBSS_DarkLiam SB
[14:28:13] [Server thread/INFO]: [@] MBSS_DarkLiam SB
[14:28:13] [Render thread/INFO]: [CHAT] [@] MBSS_DarkLiam SB
[14:28:13] [Server thread/INFO]: [@] MBSS_DarkLiam SB
[14:28:13] [Render thread/INFO]: [CHAT] [@] MBSS_DarkLiam SB
[14:28:13] [Server thread/INFO]: [@] MBSS_DarkLiam SB
[14:28:13] [Render thread/INFO]: [CHAT] [@] MBSS_DarkLiam SB
[14:28:13] [Server thread/INFO]: [@] MBSS_DarkLiam SB
[14:28:13] [Render thread/INFO]: [CHAT] [@] MBSS_DarkLiam SB
[14:28:13] [Server thread/INFO]: [@] MBSS_DarkLiam SB
[14:28:14] [Render thread/INFO]: [CHAT] [@] MBSS_DarkLiam SB
[14:28:14] [Server thread/INFO]: [@] MBSS_DarkLiam SB
[14:28:14] [Render thread/INFO]: [CHAT] [@] MBSS_DarkLiam SB
[14:28:14] [Server thread/INFO]: [@] MBSS_DarkLiam SB
[14:28:14] [Render thread/INFO]: [CHAT] [@] MBSS_DarkLiam SB
[14:28:14] [Server thread/INFO]: [@] MBSS_DarkLiam SB
[14:28:14] [Render thread/INFO]: [CHAT] [@] MBSS_DarkLiam SB
[14:28:14] [Server thread/INFO]: [@] MBSS_DarkLiam SB
[14:28:14] [Render thread/INFO]: [CHAT] [@] MBSS_DarkLiam SB
[14:28:14] [Server thread/INFO]: [@] MBSS_DarkLiam SB
[14:28:14] [Render thread/INFO]: [CHAT] [@] MBSS_DarkLiam SB
[14:28:14] [Server thread/INFO]: [@] MBSS_DarkLiam SB
[14:28:14] [Render thread/INFO]: [CHAT] [@] MBSS_DarkLiam SB
[14:28:14] [Server thread/INFO]: [@] MBSS_DarkLiam SB
[14:28:14] [Render thread/INFO]: [CHAT] [@] MBSS_DarkLiam SB
[14:28:14] [Server thread/INFO]: [@] MBSS_DarkLiam SB
[14:28:14] [Render thread/INFO]: [CHAT] [@] MBSS_DarkLiam SB
[14:28:14] [Server thread/INFO]: [@] MBSS_DarkLiam SB
[14:28:14] [Render thread/INFO]: [CHAT] [@] MBSS_DarkLiam SB
[14:28:14] [Server thread/INFO]: [@] MBSS_DarkLiam SB
[14:28:14] [Render thread/INFO]: [CHAT] [@] MBSS_DarkLiam SB
[14:28:14] [Server thread/INFO]: [@] MBSS_DarkLiam SB
[14:28:14] [Render thread/INFO]: [CHAT] [@] MBSS_DarkLiam SB
[14:28:14] [Server thread/INFO]: [@] MBSS_DarkLiam SB
[14:28:14] [Render thread/INFO]: [CHAT] [@] MBSS_DarkLiam SB
[14:28:14] [Server thread/INFO]: [@] MBSS_DarkLiam SB
[14:28:14] [Render thread/INFO]: [CHAT] [@] MBSS_DarkLiam SB
[14:28:14] [Server thread/INFO]: [@] MBSS_DarkLiam SB
[14:28:14] [Render thread/INFO]: [CHAT] [@] MBSS_DarkLiam SB
[14:28:14] [Server thread/INFO]: [@] MBSS_DarkLiam SB
[14:28:14] [Render thread/INFO]: [CHAT] [@] MBSS_DarkLiam SB
[14:28:14] [Server thread/INFO]: [@] MBSS_DarkLiam SB
[14:28:14] [Render thread/INFO]: [CHAT] [@] MBSS_DarkLiam SB
[14:28:14] [Server thread/INFO]: [@] MBSS_DarkLiam SB
[14:28:14] [Render thread/INFO]: [CHAT] [@] MBSS_DarkLiam SB
[14:28:14] [Server thread/INFO]: [@] MBSS_DarkLiam SB
[14:28:14] [Render thread/INFO]: [CHAT] [@] MBSS_DarkLiam SB
[14:28:14] [Server thread/INFO]: [@] MBSS_DarkLiam SB
[14:28:14] [Render thread/INFO]: [CHAT] [@] MBSS_DarkLiam SB
[14:28:14] [Server thread/INFO]: [@] MBSS_DarkLiam SB
[14:28:15] [Render thread/INFO]: [CHAT] [@] MBSS_DarkLiam SB
[14:28:15] [Server thread/INFO]: [@] MBSS_DarkLiam SB
[14:28:15] [Render thread/INFO]: [CHAT] [@] MBSS_DarkLiam SB
[14:28:15] [Server thread/INFO]: [@] MBSS_DarkLiam SB
[14:28:15] [Render thread/INFO]: [CHAT] [@] MBSS_DarkLiam SB
[14:28:15] [Server thread/INFO]: [@] MBSS_DarkLiam SB
[14:28:15] [Render thread/INFO]: [CHAT] [@] MBSS_DarkLiam SB
[14:28:15] [Server thread/INFO]: [@] MBSS_DarkLiam SB
[14:28:15] [Render thread/INFO]: [CHAT] [@] MBSS_DarkLiam SB
[14:28:15] [Server thread/INFO]: [@] MBSS_DarkLiam SB
[14:28:15] [Render thread/INFO]: [CHAT] [@] MBSS_DarkLiam SB
[14:28:15] [Server thread/INFO]: [@] MBSS_DarkLiam SB
[14:28:15] [Render thread/INFO]: [CHAT] [@] MBSS_DarkLiam SB
[14:28:15] [Server thread/INFO]: [@] MBSS_DarkLiam SB
[14:28:15] [Render thread/INFO]: [CHAT] [@] MBSS_DarkLiam SB
[14:28:15] [Server thread/INFO]: [@] MBSS_DarkLiam SB
[14:28:15] [Render thread/INFO]: [CHAT] [@] MBSS_DarkLiam SB
[14:28:15] [Server thread/INFO]: [@] MBSS_DarkLiam SB
[14:28:15] [Render thread/INFO]: [CHAT] [@] MBSS_DarkLiam SB
[14:28:15] [Server thread/INFO]: [@] MBSS_DarkLiam SB
[14:28:15] [Render thread/INFO]: [CHAT] [@] MBSS_DarkLiam SB
[14:28:15] [Server thread/INFO]: [@] MBSS_DarkLiam SB
[14:28:15] [Render thread/INFO]: [CHAT] [@] MBSS_DarkLiam SB
[14:28:15] [Server thread/INFO]: [@] MBSS_DarkLiam SB
[14:28:15] [Render thread/INFO]: [CHAT] [@] MBSS_DarkLiam SB
[14:28:15] [Server thread/INFO]: [@] MBSS_DarkLiam SB
[14:28:15] [Render thread/INFO]: [CHAT] [@] MBSS_DarkLiam SB
[14:28:15] [Server thread/INFO]: [@] MBSS_DarkLiam SB
[14:28:15] [Render thread/INFO]: [CHAT] [@] MBSS_DarkLiam SB
[14:28:15] [Server thread/INFO]: [@] MBSS_DarkLiam SB
[14:28:15] [Render thread/INFO]: [CHAT] [@] MBSS_DarkLiam SB
[14:28:15] [Server thread/INFO]: [@] MBSS_DarkLiam SB
[14:28:15] [Render thread/INFO]: [CHAT] [@] MBSS_DarkLiam SB
[14:28:15] [Server thread/INFO]: [@] MBSS_DarkLiam SB
[14:28:15] [Render thread/INFO]: [CHAT] [@] MBSS_DarkLiam SB
[14:28:15] [Server thread/INFO]: [@] MBSS_DarkLiam SB
[14:28:15] [Render thread/INFO]: [CHAT] [@] MBSS_DarkLiam SB
[14:28:15] [Server thread/INFO]: [@] MBSS_DarkLiam SB
[14:28:15] [Render thread/INFO]: [CHAT] [@] MBSS_DarkLiam SB
[14:28:15] [Server thread/INFO]: [@] MBSS_DarkLiam SB
[14:28:16] [Render thread/INFO]: [CHAT] [@] MBSS_DarkLiam SB
[14:28:16] [Server thread/INFO]: [@] MBSS_DarkLiam SB
[14:28:16] [Render thread/INFO]: [CHAT] [@] MBSS_DarkLiam SB
[14:28:16] [Server thread/INFO]: [@] MBSS_DarkLiam SB
[14:28:16] [Render thread/INFO]: [CHAT] [@] MBSS_DarkLiam SB
[14:28:16] [Server thread/INFO]: [@] MBSS_DarkLiam SB
[14:28:16] [Render thread/INFO]: [CHAT] [@] MBSS_DarkLiam SB
[14:28:16] [Server thread/INFO]: [@] MBSS_DarkLiam SB
[14:28:16] [Render thread/INFO]: [CHAT] [@] MBSS_DarkLiam SB
[14:28:16] [Server thread/INFO]: [@] MBSS_DarkLiam SB
[14:28:16] [Render thread/INFO]: [CHAT] [@] MBSS_DarkLiam SB
[14:28:16] [Server thread/INFO]: [@] MBSS_DarkLiam SB
[14:28:16] [Render thread/INFO]: [CHAT] [@] MBSS_DarkLiam SB
[14:28:16] [Render thread/INFO]: [CHAT] 成功设置：/say MBSS_DarkLiam SB
[14:28:16] [Server thread/INFO]: [@] MBSS_DarkLiam SB
[14:28:16] [Render thread/INFO]: [CHAT] [@] MBSS_DarkLiam SB
[14:28:30] [Server thread/INFO]: [LinGCar: 已将自己的游戏模式设置为旁观模式]
[14:28:30] [Render thread/INFO]: [CHAT] 已将自己的游戏模式设置为旁观模式
[14:28:31] [Server thread/INFO]: [LinGCar: 已将自己的游戏模式设置为创造模式]
[14:28:31] [Render thread/INFO]: [CHAT] 已将自己的游戏模式设置为创造模式
[14:29:32] [Server thread/INFO]: [LinGCar: 已将1个[§a[彩蛋] 列 文 虎 克]给予LinGCar]
[14:29:32] [Render thread/INFO]: [CHAT] 已将1个[§a[彩蛋] 列 文 虎 克]给予LinGCar
[14:32:03] [Render thread/INFO]: [CHAT] 已将LinGCar传送到0.500000, 2.000000, 256.500000
[14:32:03] [Server thread/INFO]: [LinGCar: 已将LinGCar传送到0.500000, 2.000000, 256.500000]
